TN:
SF:app.js
FN:36,(anonymous_0)
FN:39,(anonymous_1)
FN:54,(anonymous_2)
FN:73,(anonymous_3)
FN:76,(anonymous_4)
FN:84,(anonymous_5)
FN:92,(anonymous_6)
FN:95,(anonymous_7)
FN:98,(anonymous_8)
FN:106,(anonymous_9)
FN:119,(anonymous_10)
FN:138,(anonymous_11)
FN:152,(anonymous_12)
FN:165,(anonymous_13)
FN:166,(anonymous_14)
FN:187,(anonymous_15)
FN:194,(anonymous_16)
FNF:17
FNH:9
FNDA:21,(anonymous_0)
FNDA:4,(anonymous_1)
FNDA:21,(anonymous_2)
FNDA:0,(anonymous_3)
FNDA:0,(anonymous_4)
FNDA:0,(anonymous_5)
FNDA:0,(anonymous_6)
FNDA:0,(anonymous_7)
FNDA:0,(anonymous_8)
FNDA:0,(anonymous_9)
FNDA:21,(anonymous_10)
FNDA:21,(anonymous_11)
FNDA:1,(anonymous_12)
FNDA:1,(anonymous_13)
FNDA:1,(anonymous_14)
FNDA:0,(anonymous_15)
FNDA:5,(anonymous_16)
DA:1,5
DA:2,5
DA:3,5
DA:4,5
DA:5,5
DA:6,5
DA:7,5
DA:8,5
DA:9,5
DA:10,5
DA:11,5
DA:12,5
DA:14,5
DA:15,5
DA:16,5
DA:18,5
DA:19,5
DA:23,5
DA:25,5
DA:32,5
DA:33,5
DA:36,5
DA:37,21
DA:38,4
DA:39,4
DA:40,4
DA:41,4
DA:42,3
DA:43,3
DA:45,0
DA:50,21
DA:54,5
DA:55,21
DA:57,21
DA:63,5
DA:65,5
DA:66,5
DA:74,0
DA:77,0
DA:78,0
DA:80,0
DA:81,0
DA:82,0
DA:85,0
DA:86,0
DA:88,0
DA:89,0
DA:90,0
DA:93,0
DA:96,0
DA:99,0
DA:100,0
DA:101,0
DA:102,0
DA:104,0
DA:107,0
DA:112,5
DA:113,5
DA:114,5
DA:116,5
DA:117,5
DA:119,5
DA:120,21
DA:122,21
DA:126,5
DA:129,5
DA:130,5
DA:132,5
DA:133,5
DA:134,5
DA:135,5
DA:136,5
DA:138,5
DA:139,21
DA:140,21
DA:143,5
DA:144,5
DA:146,5
DA:147,5
DA:148,5
DA:149,5
DA:150,5
DA:152,5
DA:153,1
DA:154,1
DA:155,0
DA:156,0
DA:158,1
DA:159,1
DA:160,1
DA:161,1
DA:165,5
DA:166,1
DA:167,1
DA:168,0
DA:170,1
DA:174,5
DA:175,5
DA:176,5
DA:177,5
DA:178,5
DA:179,5
DA:180,5
DA:181,5
DA:182,5
DA:183,5
DA:184,5
DA:185,5
DA:187,5
DA:188,0
DA:189,0
DA:193,5
DA:194,5
DA:195,5
DA:198,5
LF:115
LH:90
BRDA:18,0,0,5
BRDA:18,0,1,0
BRDA:37,1,0,4
BRDA:37,1,1,17
BRDA:41,2,0,3
BRDA:41,2,1,1
BRDA:55,3,0,21
BRDA:55,3,1,5
BRDA:77,4,0,0
BRDA:77,4,1,0
BRDA:80,5,0,0
BRDA:80,5,1,0
BRDA:85,6,0,0
BRDA:85,6,1,0
BRDA:85,7,0,0
BRDA:85,7,1,0
BRDA:93,8,0,0
BRDA:93,8,1,0
BRDA:120,9,0,21
BRDA:120,9,1,5
BRDA:126,10,0,5
BRDA:126,10,1,0
BRDA:139,11,0,21
BRDA:139,11,1,5
BRDA:153,12,0,1
BRDA:153,12,1,1
BRDA:154,13,0,0
BRDA:154,13,1,1
BRDA:167,14,0,0
BRDA:167,14,1,1
BRDA:193,15,0,5
BRDA:193,15,1,0
BRDA:193,16,0,5
BRDA:193,16,1,5
BRDA:193,17,0,0
BRDA:193,17,1,0
BRF:36
BRH:19
end_of_record
TN:
SF:configuration\logger.js
FN:28,(anonymous_0)
FN:54,(anonymous_1)
FNF:2
FNH:2
FNDA:16,(anonymous_0)
FNDA:1,(anonymous_1)
DA:3,5
DA:6,5
DA:16,5
DA:26,5
DA:29,16
DA:34,5
DA:40,5
DA:48,5
DA:49,5
DA:54,5
DA:55,1
DA:58,5
LF:12
LH:12
BRF:0
BRH:0
end_of_record
TN:
SF:configuration\mailer.js
FN:6,createTransporter
FNF:1
FNH:0
FNDA:0,createTransporter
DA:1,5
DA:2,5
DA:3,5
DA:7,0
DA:8,0
DA:14,0
DA:18,0
DA:20,0
DA:22,0
DA:34,0
DA:37,5
LF:11
LH:4
BRF:0
BRH:0
end_of_record
TN:
SF:configuration\swagger.js
FNF:0
FNH:0
DA:1,5
DA:2,5
DA:3,5
DA:4,5
DA:6,5
DA:21,5
DA:27,5
DA:29,5
DA:31,5
LF:9
LH:9
BRF:0
BRH:0
end_of_record
TN:
SF:configuration\winston-config.js
FNF:0
FNH:0
DA:3,5
DA:5,5
LF:2
LH:2
BRF:0
BRH:0
end_of_record
TN:
SF:dao\controllers\authController.js
FN:12,(anonymous_0)
FN:17,(anonymous_1)
FN:45,(anonymous_2)
FN:56,(anonymous_3)
FNF:4
FNH:0
FNDA:0,(anonymous_0)
FNDA:0,(anonymous_1)
FNDA:0,(anonymous_2)
FNDA:0,(anonymous_3)
DA:2,5
DA:3,5
DA:4,5
DA:5,5
DA:6,5
DA:7,5
DA:8,5
DA:9,5
DA:12,5
DA:13,0
DA:17,5
DA:18,0
DA:19,0
DA:20,0
DA:21,0
DA:24,0
DA:25,0
DA:27,0
DA:28,0
DA:29,0
DA:36,0
DA:37,0
DA:39,0
DA:40,0
DA:45,5
DA:46,0
DA:47,0
DA:48,0
DA:49,0
DA:51,0
DA:56,5
DA:57,0
DA:58,0
DA:59,0
DA:60,0
DA:63,0
DA:64,0
DA:65,0
DA:69,0
DA:70,0
DA:71,0
DA:73,0
DA:75,0
DA:76,0
LF:44
LH:12
BRDA:20,0,0,0
BRDA:20,0,1,0
BRDA:64,1,0,0
BRDA:64,1,1,0
BRF:4
BRH:0
end_of_record
TN:
SF:dao\controllers\cartsController.js
FN:9,(anonymous_0)
FN:22,(anonymous_1)
FN:33,(anonymous_2)
FN:48,(anonymous_3)
FN:67,(anonymous_4)
FN:74,(anonymous_5)
FN:90,(anonymous_6)
FN:98,(anonymous_7)
FN:121,(anonymous_8)
FN:127,(anonymous_9)
FN:145,(anonymous_10)
FN:151,(anonymous_11)
FN:164,(anonymous_12)
FN:185,(anonymous_13)
FN:195,(anonymous_14)
FN:212,(anonymous_15)
FN:233,(anonymous_16)
FN:244,(anonymous_17)
FN:259,(anonymous_18)
FN:280,(anonymous_19)
FN:289,(anonymous_20)
FN:290,(anonymous_21)
FN:309,(anonymous_22)
FNF:23
FNH:8
FNDA:1,(anonymous_0)
FNDA:1,(anonymous_1)
FNDA:0,(anonymous_2)
FNDA:0,(anonymous_3)
FNDA:0,(anonymous_4)
FNDA:0,(anonymous_5)
FNDA:1,(anonymous_6)
FNDA:0,(anonymous_7)
FNDA:1,(anonymous_8)
FNDA:1,(anonymous_9)
FNDA:1,(anonymous_10)
FNDA:1,(anonymous_11)
FNDA:1,(anonymous_12)
FNDA:0,(anonymous_13)
FNDA:0,(anonymous_14)
FNDA:0,(anonymous_15)
FNDA:0,(anonymous_16)
FNDA:0,(anonymous_17)
FNDA:0,(anonymous_18)
FNDA:0,(anonymous_19)
FNDA:0,(anonymous_20)
FNDA:0,(anonymous_21)
FNDA:0,(anonymous_22)
DA:1,5
DA:2,5
DA:3,5
DA:4,5
DA:7,5
DA:10,1
DA:11,1
DA:12,1
DA:13,1
DA:14,1
DA:16,0
DA:17,0
DA:23,1
DA:24,1
DA:25,1
DA:27,0
DA:28,0
DA:34,0
DA:35,0
DA:36,0
DA:37,0
DA:38,0
DA:39,0
DA:40,0
DA:44,0
DA:48,0
DA:59,0
DA:61,0
DA:62,0
DA:63,0
DA:67,0
DA:74,0
DA:77,0
DA:84,0
DA:85,0
DA:91,1
DA:92,1
DA:93,1
DA:94,1
DA:96,1
DA:98,1
DA:100,1
DA:102,0
DA:105,1
DA:108,1
DA:109,1
DA:111,0
DA:114,0
DA:115,0
DA:122,1
DA:123,1
DA:124,1
DA:125,1
DA:126,1
DA:127,1
DA:128,1
DA:129,1
DA:130,1
DA:131,1
DA:133,0
DA:136,0
DA:139,0
DA:140,0
DA:146,1
DA:147,1
DA:148,1
DA:149,1
DA:151,1
DA:152,1
DA:153,1
DA:155,0
DA:158,0
DA:159,0
DA:165,1
DA:166,1
DA:167,1
DA:168,1
DA:170,1
DA:171,1
DA:172,1
DA:173,1
DA:175,0
DA:178,0
DA:179,0
DA:186,0
DA:187,0
DA:189,0
DA:190,0
DA:191,0
DA:194,0
DA:195,0
DA:198,0
DA:199,0
DA:200,0
DA:203,0
DA:205,0
DA:206,0
DA:213,0
DA:214,0
DA:215,0
DA:216,0
DA:218,0
DA:219,0
DA:222,0
DA:224,0
DA:225,0
DA:227,0
DA:228,0
DA:234,0
DA:235,0
DA:237,0
DA:238,0
DA:239,0
DA:240,0
DA:244,0
DA:245,0
DA:246,0
DA:247,0
DA:248,0
DA:250,0
DA:253,0
DA:254,0
DA:260,0
DA:262,0
DA:263,0
DA:264,0
DA:265,0
DA:269,0
DA:271,0
DA:272,0
DA:274,0
DA:275,0
DA:281,0
DA:282,0
DA:284,0
DA:286,0
DA:289,0
DA:290,0
DA:293,0
DA:295,0
DA:296,0
DA:300,0
DA:301,0
DA:302,0
DA:304,0
DA:305,0
DA:310,0
DA:311,0
DA:312,0
DA:313,0
DA:314,0
DA:317,0
DA:318,0
DA:320,0
DA:321,0
DA:323,0
DA:324,0
DA:326,0
DA:327,0
DA:333,0
DA:335,0
DA:341,0
DA:342,0
DA:343,0
DA:344,0
DA:348,0
DA:349,0
DA:352,0
DA:353,0
DA:355,0
DA:356,0
DA:367,0
DA:368,0
DA:375,5
LF:174
LH:49
BRDA:37,0,0,0
BRDA:37,0,1,0
BRDA:39,1,0,0
BRDA:39,1,1,0
BRDA:61,2,0,0
BRDA:61,2,1,0
BRDA:62,3,0,0
BRDA:62,3,1,0
BRDA:96,4,0,1
BRDA:96,4,1,0
BRDA:100,5,0,0
BRDA:100,5,1,1
BRDA:126,6,0,1
BRDA:126,6,1,0
BRDA:128,7,0,1
BRDA:128,7,1,0
BRDA:149,8,0,1
BRDA:149,8,1,0
BRDA:170,9,0,1
BRDA:170,9,1,0
BRDA:190,10,0,0
BRDA:190,10,1,0
BRDA:199,11,0,0
BRDA:199,11,1,0
BRDA:218,12,0,0
BRDA:218,12,1,0
BRDA:239,13,0,0
BRDA:239,13,1,0
BRDA:245,14,0,0
BRDA:245,14,1,0
BRDA:264,15,0,0
BRDA:264,15,1,0
BRDA:293,16,0,0
BRDA:293,16,1,0
BRDA:313,17,0,0
BRDA:313,17,1,0
BRDA:313,18,0,0
BRDA:313,18,1,0
BRDA:326,19,0,0
BRDA:326,19,1,0
BRDA:326,20,0,0
BRDA:326,20,1,0
BRDA:348,21,0,0
BRDA:348,21,1,0
BRDA:352,22,0,0
BRDA:352,22,1,0
BRF:46
BRH:6
end_of_record
TN:
SF:dao\controllers\messageController.js
FN:3,(anonymous_0)
FN:7,(anonymous_1)
FN:21,(anonymous_2)
FN:34,(anonymous_3)
FNF:4
FNH:3
FNDA:1,(anonymous_0)
FNDA:0,(anonymous_1)
FNDA:1,(anonymous_2)
FNDA:1,(anonymous_3)
DA:1,5
DA:3,5
DA:4,1
DA:5,1
DA:7,1
DA:8,0
DA:13,1
DA:15,0
DA:16,0
DA:21,5
DA:22,1
DA:23,1
DA:24,1
DA:25,1
DA:27,1
DA:29,0
DA:30,0
DA:34,5
DA:35,1
DA:36,1
DA:37,1
DA:38,1
DA:40,0
DA:41,0
LF:24
LH:17
BRF:0
BRH:0
end_of_record
TN:
SF:dao\controllers\productsController.js
FN:5,(anonymous_0)
FN:23,(anonymous_1)
FN:31,(anonymous_2)
FN:69,(anonymous_3)
FN:92,(anonymous_4)
FN:119,(anonymous_5)
FN:147,(anonymous_6)
FN:168,(anonymous_7)
FN:183,(anonymous_8)
FN:229,(anonymous_9)
FNF:10
FNH:4
FNDA:2,(anonymous_0)
FNDA:0,(anonymous_1)
FNDA:0,(anonymous_2)
FNDA:1,(anonymous_3)
FNDA:1,(anonymous_4)
FNDA:1,(anonymous_5)
FNDA:0,(anonymous_6)
FNDA:0,(anonymous_7)
FNDA:0,(anonymous_8)
FNDA:0,(anonymous_9)
DA:1,5
DA:2,5
DA:5,5
DA:6,2
DA:7,2
DA:8,2
DA:14,2
DA:15,2
DA:16,0
DA:20,2
DA:23,2
DA:24,0
DA:31,2
DA:33,2
DA:35,2
DA:47,2
DA:50,0
DA:60,0
DA:63,0
DA:69,5
DA:70,1
DA:72,1
DA:74,1
DA:75,1
DA:76,1
DA:77,1
DA:78,1
DA:80,0
DA:83,0
DA:84,0
DA:87,0
DA:88,0
DA:92,5
DA:93,1
DA:95,1
DA:97,1
DA:98,1
DA:99,1
DA:100,1
DA:102,0
DA:105,0
DA:106,0
DA:109,0
DA:110,0
DA:111,0
DA:113,0
DA:119,5
DA:120,1
DA:122,1
DA:124,1
DA:125,1
DA:126,1
DA:127,1
DA:129,0
DA:132,0
DA:133,0
DA:136,0
DA:137,0
DA:138,0
DA:140,0
DA:147,5
DA:148,0
DA:149,0
DA:151,0
DA:153,0
DA:156,0
DA:161,0
DA:168,5
DA:169,0
DA:170,0
DA:171,0
DA:172,0
DA:179,0
DA:181,0
DA:183,0
DA:184,0
DA:190,0
DA:192,0
DA:204,0
DA:207,0
DA:217,0
DA:221,0
DA:223,0
DA:224,0
DA:227,0
DA:229,0
DA:230,0
DA:236,0
DA:238,0
DA:250,0
DA:253,0
DA:263,0
DA:267,0
LF:93
LH:38
BRDA:7,0,0,2
BRDA:7,1,0,2
BRDA:11,2,0,0
BRDA:11,2,1,2
BRDA:11,3,0,0
BRDA:11,3,1,0
BRDA:15,4,0,0
BRDA:15,4,1,2
BRDA:33,5,0,2
BRDA:33,5,1,0
BRDA:44,6,0,0
BRDA:44,6,1,2
BRDA:45,7,0,0
BRDA:45,7,1,2
BRDA:74,8,0,1
BRDA:74,8,1,0
BRDA:74,9,0,1
BRDA:74,9,1,1
BRDA:74,9,2,0
BRDA:77,10,0,1
BRDA:77,10,1,0
BRDA:97,11,0,1
BRDA:97,11,1,0
BRDA:97,12,0,1
BRDA:97,12,1,1
BRDA:97,12,2,0
BRDA:99,13,0,1
BRDA:99,13,1,0
BRDA:110,14,0,0
BRDA:110,14,1,0
BRDA:124,15,0,1
BRDA:124,15,1,0
BRDA:124,16,0,1
BRDA:124,16,1,1
BRDA:124,16,2,0
BRDA:126,17,0,1
BRDA:126,17,1,0
BRDA:137,18,0,0
BRDA:137,18,1,0
BRDA:151,19,0,0
BRDA:151,19,1,0
BRDA:171,20,0,0
BRDA:171,21,0,0
BRDA:175,22,0,0
BRDA:175,22,1,0
BRDA:175,23,0,0
BRDA:175,23,1,0
BRDA:179,24,0,0
BRDA:179,24,1,0
BRDA:190,25,0,0
BRDA:190,25,1,0
BRDA:201,26,0,0
BRDA:201,26,1,0
BRDA:202,27,0,0
BRDA:202,27,1,0
BRDA:223,28,0,0
BRDA:223,28,1,0
BRDA:236,29,0,0
BRDA:236,29,1,0
BRDA:247,30,0,0
BRDA:247,30,1,0
BRDA:248,31,0,0
BRDA:248,31,1,0
BRF:63
BRH:19
end_of_record
TN:
SF:dao\controllers\renderController.js
FN:27,(anonymous_0)
FN:62,(anonymous_1)
FN:66,(anonymous_2)
FN:78,(anonymous_3)
FN:92,(anonymous_4)
FN:119,(anonymous_5)
FN:126,(anonymous_6)
FN:195,(anonymous_7)
FN:236,(anonymous_8)
FN:254,(anonymous_9)
FN:271,(anonymous_10)
FN:282,(anonymous_11)
FN:327,(anonymous_12)
FN:344,(anonymous_13)
FN:350,(anonymous_14)
FN:373,(anonymous_15)
FN:397,(anonymous_16)
FN:422,(anonymous_17)
FNF:18
FNH:2
FNDA:0,(anonymous_0)
FNDA:0,(anonymous_1)
FNDA:0,(anonymous_2)
FNDA:0,(anonymous_3)
FNDA:1,(anonymous_4)
FNDA:0,(anonymous_5)
FNDA:0,(anonymous_6)
FNDA:0,(anonymous_7)
FNDA:0,(anonymous_8)
FNDA:0,(anonymous_9)
FNDA:0,(anonymous_10)
FNDA:3,(anonymous_11)
FNDA:0,(anonymous_12)
FNDA:0,(anonymous_13)
FNDA:0,(anonymous_14)
FNDA:0,(anonymous_15)
FNDA:0,(anonymous_16)
FNDA:0,(anonymous_17)
DA:2,5
DA:3,5
DA:4,5
DA:5,5
DA:6,5
DA:7,5
DA:8,5
DA:9,5
DA:10,5
DA:12,5
DA:13,5
DA:16,5
DA:17,5
DA:19,5
DA:20,5
DA:22,5
DA:28,0
DA:30,0
DA:32,0
DA:34,0
DA:37,0
DA:38,0
DA:40,0
DA:50,0
DA:53,0
DA:57,0
DA:62,5
DA:63,0
DA:66,5
DA:67,0
DA:70,5
DA:71,5
DA:74,5
DA:76,5
DA:80,0
DA:81,0
DA:87,0
DA:92,5
DA:94,1
DA:96,0
DA:99,0
DA:102,0
DA:105,1
DA:109,5
DA:119,5
DA:120,0
DA:121,0
DA:122,0
DA:124,0
DA:125,0
DA:126,0
DA:127,0
DA:135,0
DA:136,0
DA:146,0
DA:149,0
DA:150,0
DA:151,0
DA:164,0
DA:165,0
DA:166,0
DA:185,0
DA:186,0
DA:189,0
DA:190,0
DA:195,5
DA:196,0
DA:197,0
DA:198,0
DA:200,0
DA:203,0
DA:204,0
DA:205,0
DA:207,0
DA:226,0
DA:227,0
DA:230,0
DA:231,0
DA:236,5
DA:237,0
DA:238,0
DA:239,0
DA:240,0
DA:242,0
DA:243,0
DA:245,0
DA:247,0
DA:249,0
DA:254,5
DA:255,0
DA:256,0
DA:257,0
DA:259,0
DA:260,0
DA:264,0
DA:266,0
DA:271,5
DA:272,0
DA:273,0
DA:275,0
DA:282,5
DA:283,3
DA:285,3
DA:287,3
DA:289,3
DA:290,2
DA:291,2
DA:292,2
DA:293,0
DA:294,2
DA:295,0
DA:297,2
DA:300,2
DA:301,2
DA:303,0
DA:306,1
DA:307,1
DA:309,0
DA:313,0
DA:314,0
DA:315,0
DA:317,0
DA:327,5
DA:328,0
DA:329,0
DA:331,0
DA:337,0
DA:338,0
DA:344,5
DA:345,0
DA:346,0
DA:347,0
DA:348,0
DA:350,0
DA:352,0
DA:353,0
DA:355,0
DA:358,0
DA:360,0
DA:363,0
DA:364,0
DA:367,0
DA:368,0
DA:373,5
DA:374,0
DA:375,0
DA:377,0
DA:378,0
DA:379,0
DA:380,0
DA:381,0
DA:383,0
DA:384,0
DA:388,0
DA:392,0
DA:397,5
DA:398,0
DA:399,0
DA:400,0
DA:401,0
DA:402,0
DA:403,0
DA:404,0
DA:406,0
DA:407,0
DA:410,0
DA:412,0
DA:416,0
DA:422,5
DA:423,0
DA:425,0
DA:427,0
DA:430,0
DA:432,0
DA:433,0
DA:435,0
DA:438,0
DA:444,0
DA:447,0
DA:449,0
DA:454,5
LF:181
LH:51
BRDA:32,0,0,0
BRDA:32,0,1,0
BRDA:94,1,0,0
BRDA:94,1,1,1
BRDA:94,2,0,1
BRDA:94,2,1,0
BRDA:124,3,0,0
BRDA:124,3,1,0
BRDA:124,4,0,0
BRDA:124,4,1,0
BRDA:135,5,0,0
BRDA:135,5,1,0
BRDA:135,6,0,0
BRDA:135,6,1,0
BRDA:140,7,0,0
BRDA:140,7,1,0
BRDA:146,8,0,0
BRDA:146,8,1,0
BRDA:150,9,0,0
BRDA:150,9,1,0
BRDA:154,10,0,0
BRDA:154,10,1,0
BRDA:165,11,0,0
BRDA:165,11,1,0
BRDA:175,12,0,0
BRDA:175,12,1,0
BRDA:176,13,0,0
BRDA:176,13,1,0
BRDA:177,14,0,0
BRDA:177,14,1,0
BRDA:179,15,0,0
BRDA:179,15,1,0
BRDA:204,16,0,0
BRDA:204,16,1,0
BRDA:205,17,0,0
BRDA:205,17,1,0
BRDA:205,18,0,0
BRDA:205,18,1,0
BRDA:216,19,0,0
BRDA:216,19,1,0
BRDA:217,20,0,0
BRDA:217,20,1,0
BRDA:218,21,0,0
BRDA:218,21,1,0
BRDA:220,22,0,0
BRDA:220,22,1,0
BRDA:221,23,0,0
BRDA:221,23,1,0
BRDA:242,24,0,0
BRDA:242,24,1,0
BRDA:247,25,0,0
BRDA:247,25,1,0
BRDA:259,26,0,0
BRDA:259,26,1,0
BRDA:264,27,0,0
BRDA:264,27,1,0
BRDA:289,28,0,2
BRDA:289,28,1,1
BRDA:292,29,0,0
BRDA:292,29,1,2
BRDA:294,30,0,0
BRDA:294,30,1,2
BRDA:300,31,0,2
BRDA:300,31,1,0
BRDA:306,32,0,1
BRDA:306,32,1,0
BRDA:314,33,0,0
BRDA:314,33,1,0
BRDA:333,34,0,0
BRDA:333,34,1,0
BRDA:334,35,0,0
BRDA:334,35,1,0
BRDA:347,36,0,0
BRDA:347,36,1,0
BRDA:347,37,0,0
BRDA:347,37,1,0
BRDA:350,38,0,0
BRDA:350,38,1,0
BRDA:352,39,0,0
BRDA:352,39,1,0
BRDA:374,40,0,0
BRDA:374,40,1,0
BRDA:377,41,0,0
BRDA:377,41,1,0
BRDA:378,42,0,0
BRDA:378,42,1,0
BRDA:398,43,0,0
BRDA:398,43,1,0
BRDA:400,44,0,0
BRDA:400,44,1,0
BRDA:402,45,0,0
BRDA:402,45,1,0
BRDA:425,46,0,0
BRDA:425,46,1,0
BRDA:425,47,0,0
BRDA:425,47,1,0
BRDA:433,48,0,0
BRDA:433,48,1,0
BRF:98
BRH:8
end_of_record
TN:
SF:dao\controllers\ticketController.js
FN:4,generateUniqueCode
FN:17,(anonymous_1)
FN:21,(anonymous_2)
FN:34,(anonymous_3)
FN:38,(anonymous_4)
FN:52,(anonymous_5)
FN:75,(anonymous_6)
FNF:7
FNH:0
FNDA:0,generateUniqueCode
FNDA:0,(anonymous_1)
FNDA:0,(anonymous_2)
FNDA:0,(anonymous_3)
FNDA:0,(anonymous_4)
FNDA:0,(anonymous_5)
FNDA:0,(anonymous_6)
DA:1,5
DA:5,0
DA:6,0
DA:8,0
DA:9,0
DA:10,0
DA:13,0
DA:17,5
DA:18,0
DA:19,0
DA:21,0
DA:22,0
DA:27,0
DA:29,0
DA:30,0
DA:34,5
DA:35,0
DA:36,0
DA:38,0
DA:39,0
DA:44,0
DA:46,0
DA:47,0
DA:52,5
DA:53,0
DA:54,0
DA:56,0
DA:66,0
DA:68,0
DA:70,0
DA:71,0
DA:75,5
DA:76,0
DA:77,0
DA:78,0
DA:79,0
DA:81,0
DA:82,0
LF:38
LH:5
BRDA:4,0,0,0
BRF:1
BRH:0
end_of_record
TN:
SF:dao\controllers\usersController.js
FN:9,(anonymous_0)
FN:30,(anonymous_1)
FN:49,(anonymous_2)
FN:99,(anonymous_3)
FN:113,(anonymous_4)
FNF:5
FNH:1
FNDA:3,(anonymous_0)
FNDA:0,(anonymous_1)
FNDA:0,(anonymous_2)
FNDA:0,(anonymous_3)
FNDA:0,(anonymous_4)
DA:1,5
DA:2,5
DA:3,5
DA:5,5
DA:6,5
DA:9,5
DA:10,3
DA:12,3
DA:14,3
DA:15,1
DA:19,2
DA:22,2
DA:24,0
DA:30,5
DA:31,0
DA:33,0
DA:35,0
DA:37,0
DA:40,0
DA:41,0
DA:44,0
DA:49,5
DA:50,0
DA:52,0
DA:54,0
DA:56,0
DA:60,0
DA:63,0
DA:72,0
DA:75,0
DA:78,0
DA:79,0
DA:81,0
DA:82,0
DA:88,5
DA:96,5
DA:99,5
DA:100,0
DA:102,0
DA:103,0
DA:106,0
DA:113,5
DA:114,0
DA:115,0
DA:116,0
DA:118,0
DA:120,0
DA:122,0
DA:123,0
DA:127,0
DA:130,0
DA:132,0
DA:134,0
DA:135,0
LF:54
LH:18
BRDA:14,0,0,1
BRDA:14,0,1,2
BRDA:22,1,0,2
BRDA:22,1,1,0
BRDA:35,2,0,0
BRDA:35,2,1,0
BRDA:54,3,0,0
BRDA:54,3,1,0
BRDA:54,4,0,0
BRDA:54,4,1,0
BRDA:54,4,2,0
BRDA:54,4,3,0
BRDA:54,4,4,0
BRDA:115,5,0,0
BRDA:115,5,1,0
BRDA:115,6,0,0
BRDA:115,6,1,0
BRDA:122,7,0,0
BRDA:122,7,1,0
BRF:19
BRH:3
end_of_record
TN:
SF:dao\db\db.js
FN:11,(anonymous_0)
FNF:1
FNH:1
FNDA:5,(anonymous_0)
DA:1,5
DA:2,5
DA:3,5
DA:5,5
DA:6,5
DA:11,5
DA:12,5
DA:13,5
DA:14,0
DA:16,5
DA:19,0
DA:20,0
DA:24,5
LF:13
LH:10
BRDA:5,0,0,5
BRDA:5,0,1,0
BRDA:6,1,0,5
BRDA:6,1,1,0
BRDA:13,2,0,0
BRDA:13,2,1,5
BRF:6
BRH:3
end_of_record
TN:
SF:dao\db\models\Cart.js
FNF:0
FNH:0
DA:1,5
DA:3,5
DA:12,5
DA:21,5
LF:4
LH:4
BRF:0
BRH:0
end_of_record
TN:
SF:dao\db\models\Message.js
FNF:0
FNH:0
DA:1,5
DA:3,5
DA:9,5
LF:3
LH:3
BRF:0
BRH:0
end_of_record
TN:
SF:dao\db\models\Product.js
FNF:0
FNH:0
DA:1,5
DA:2,5
DA:4,5
DA:15,5
DA:17,5
DA:19,5
LF:6
LH:6
BRF:0
BRH:0
end_of_record
TN:
SF:dao\db\models\Ticket.js
FNF:0
FNH:0
DA:1,5
DA:3,5
DA:18,5
DA:20,5
LF:4
LH:4
BRF:0
BRH:0
end_of_record
TN:
SF:dao\db\models\User.js
FNF:0
FNH:0
DA:1,5
DA:4,5
DA:12,5
DA:14,5
LF:4
LH:4
BRF:0
BRH:0
end_of_record
TN:
SF:routes\UsersRoutes.js
FNF:0
FNH:0
DA:1,5
DA:2,5
DA:3,5
DA:93,5
DA:95,5
LF:5
LH:5
BRF:0
BRH:0
end_of_record
TN:
SF:routes\authRoutes.js
FNF:0
FNH:0
DA:1,5
DA:2,5
DA:3,5
DA:22,5
DA:69,5
DA:90,5
DA:144,5
DA:146,5
LF:8
LH:8
BRF:0
BRH:0
end_of_record
TN:
SF:routes\cartRoutes.js
FNF:0
FNH:0
DA:1,5
DA:2,5
DA:3,5
DA:55,5
DA:97,5
DA:148,5
DA:186,5
DA:222,5
DA:247,5
DA:277,5
DA:302,5
DA:336,5
DA:372,5
DA:391,5
DA:393,5
LF:15
LH:15
BRF:0
BRH:0
end_of_record
TN:
SF:routes\loggerTest.js
FN:5,(anonymous_0)
FNF:1
FNH:0
FNDA:0,(anonymous_0)
DA:1,5
DA:2,5
DA:3,5
DA:5,5
DA:6,0
DA:7,0
DA:8,0
DA:9,0
DA:10,0
DA:11,0
DA:13,0
DA:16,5
LF:12
LH:5
BRF:0
BRH:0
end_of_record
TN:
SF:routes\messageRoutes.js
FN:38,(anonymous_0)
FNF:1
FNH:1
FNDA:1,(anonymous_0)
DA:1,5
DA:2,5
DA:3,5
DA:38,5
DA:39,1
DA:40,1
DA:41,1
DA:43,0
DA:86,5
DA:105,5
DA:107,5
LF:11
LH:10
BRF:0
BRH:0
end_of_record
TN:
SF:routes\productRoutes.js
FN:266,(anonymous_0)
FNF:1
FNH:0
FNDA:0,(anonymous_0)
DA:1,5
DA:2,5
DA:3,5
DA:4,5
DA:60,5
DA:142,5
DA:211,5
DA:238,5
DA:266,5
DA:267,0
DA:268,0
DA:271,5
LF:12
LH:10
BRF:0
BRH:0
end_of_record
TN:
SF:utils\mockingUtils.js
FN:4,(anonymous_0)
FN:15,(anonymous_1)
FNF:2
FNH:0
FNDA:0,(anonymous_0)
FNDA:0,(anonymous_1)
DA:4,5
DA:5,0
DA:6,0
DA:7,0
DA:8,0
DA:9,0
DA:11,0
DA:15,5
DA:16,0
DA:17,0
DA:18,0
DA:27,0
DA:29,0
LF:13
LH:2
BRF:0
BRH:0
end_of_record
