{"C:\\Users\\deike\\OneDrive\\Documents\\GitHub\\Desafio1-VerasmendiBackend\\SegundaPreentrega\\app.js": {"path":"C:\\Users\\deike\\OneDrive\\Documents\\GitHub\\Desafio1-VerasmendiBackend\\SegundaPreentrega\\app.js","statementMap":{"0":{"start":{"line":1,"column":16},"end":{"line":1,"column":34}},"1":{"start":{"line":2,"column":16},"end":{"line":2,"column":42}},"2":{"start":{"line":3,"column":13},"end":{"line":3,"column":28}},"3":{"start":{"line":4,"column":17},"end":{"line":4,"column":37}},"4":{"start":{"line":5,"column":19},"end":{"line":5,"column":48}},"5":{"start":{"line":6,"column":17},"end":{"line":6,"column":36}},"6":{"start":{"line":7,"column":13},"end":{"line":7,"column":28}},"7":{"start":{"line":8,"column":15},"end":{"line":8,"column":56}},"8":{"start":{"line":9,"column":25},"end":{"line":9,"column":55}},"9":{"start":{"line":10,"column":15},"end":{"line":10,"column":32}},"10":{"start":{"line":11,"column":15},"end":{"line":11,"column":23}},"11":{"start":{"line":12,"column":0},"end":{"line":12,"column":27}},"12":{"start":{"line":14,"column":12},"end":{"line":14,"column":21}},"13":{"start":{"line":15,"column":15},"end":{"line":15,"column":37}},"14":{"start":{"line":16,"column":11},"end":{"line":16,"column":27}},"15":{"start":{"line":18,"column":12},"end":{"line":18,"column":48}},"16":{"start":{"line":19,"column":14},"end":{"line":19,"column":43}},"17":{"start":{"line":23,"column":0},"end":{"line":23,"column":23}},"18":{"start":{"line":25,"column":0},"end":{"line":29,"column":4}},"19":{"start":{"line":32,"column":0},"end":{"line":32,"column":48}},"20":{"start":{"line":33,"column":0},"end":{"line":33,"column":24}},"21":{"start":{"line":36,"column":0},"end":{"line":51,"column":3}},"22":{"start":{"line":37,"column":4},"end":{"line":49,"column":5}},"23":{"start":{"line":38,"column":24},"end":{"line":38,"column":53}},"24":{"start":{"line":39,"column":8},"end":{"line":48,"column":11}},"25":{"start":{"line":40,"column":34},"end":{"line":40,"column":58}},"26":{"start":{"line":41,"column":12},"end":{"line":47,"column":13}},"27":{"start":{"line":42,"column":16},"end":{"line":46,"column":17}},"28":{"start":{"line":43,"column":20},"end":{"line":43,"column":82}},"29":{"start":{"line":45,"column":20},"end":{"line":45,"column":70}},"30":{"start":{"line":50,"column":4},"end":{"line":50,"column":11}},"31":{"start":{"line":54,"column":0},"end":{"line":58,"column":3}},"32":{"start":{"line":55,"column":4},"end":{"line":55,"column":105}},"33":{"start":{"line":57,"column":4},"end":{"line":57,"column":11}},"34":{"start":{"line":63,"column":0},"end":{"line":63,"column":45}},"35":{"start":{"line":65,"column":15},"end":{"line":65,"column":44}},"36":{"start":{"line":66,"column":12},"end":{"line":110,"column":2}},"37":{"start":{"line":74,"column":12},"end":{"line":74,"column":77}},"38":{"start":{"line":77,"column":12},"end":{"line":79,"column":13}},"39":{"start":{"line":78,"column":16},"end":{"line":78,"column":34}},"40":{"start":{"line":80,"column":26},"end":{"line":80,"column":50}},"41":{"start":{"line":81,"column":12},"end":{"line":81,"column":41}},"42":{"start":{"line":82,"column":12},"end":{"line":82,"column":39}},"43":{"start":{"line":85,"column":12},"end":{"line":87,"column":13}},"44":{"start":{"line":86,"column":16},"end":{"line":86,"column":28}},"45":{"start":{"line":88,"column":28},"end":{"line":88,"column":57}},"46":{"start":{"line":89,"column":12},"end":{"line":89,"column":38}},"47":{"start":{"line":90,"column":12},"end":{"line":90,"column":27}},"48":{"start":{"line":93,"column":12},"end":{"line":93,"column":70}},"49":{"start":{"line":96,"column":12},"end":{"line":96,"column":27}},"50":{"start":{"line":99,"column":22},"end":{"line":99,"column":24}},"51":{"start":{"line":100,"column":12},"end":{"line":103,"column":13}},"52":{"start":{"line":100,"column":25},"end":{"line":100,"column":26}},"53":{"start":{"line":101,"column":16},"end":{"line":101,"column":61}},"54":{"start":{"line":102,"column":16},"end":{"line":102,"column":51}},"55":{"start":{"line":104,"column":12},"end":{"line":104,"column":23}},"56":{"start":{"line":107,"column":12},"end":{"line":107,"column":25}},"57":{"start":{"line":112,"column":0},"end":{"line":112,"column":37}},"58":{"start":{"line":113,"column":0},"end":{"line":113,"column":37}},"59":{"start":{"line":114,"column":0},"end":{"line":114,"column":48}},"60":{"start":{"line":116,"column":0},"end":{"line":116,"column":56}},"61":{"start":{"line":117,"column":0},"end":{"line":117,"column":24}},"62":{"start":{"line":119,"column":0},"end":{"line":123,"column":3}},"63":{"start":{"line":120,"column":4},"end":{"line":120,"column":105}},"64":{"start":{"line":122,"column":4},"end":{"line":122,"column":11}},"65":{"start":{"line":126,"column":0},"end":{"line":191,"column":1}},"66":{"start":{"line":129,"column":22},"end":{"line":129,"column":44}},"67":{"start":{"line":130,"column":4},"end":{"line":130,"column":16}},"68":{"start":{"line":132,"column":26},"end":{"line":132,"column":59}},"69":{"start":{"line":133,"column":23},"end":{"line":133,"column":53}},"70":{"start":{"line":134,"column":26},"end":{"line":134,"column":59}},"71":{"start":{"line":135,"column":23},"end":{"line":135,"column":53}},"72":{"start":{"line":136,"column":24},"end":{"line":136,"column":55}},"73":{"start":{"line":138,"column":4},"end":{"line":141,"column":7}},"74":{"start":{"line":139,"column":8},"end":{"line":139,"column":109}},"75":{"start":{"line":140,"column":8},"end":{"line":140,"column":15}},"76":{"start":{"line":143,"column":23},"end":{"line":143,"column":57}},"77":{"start":{"line":144,"column":4},"end":{"line":144,"column":29}},"78":{"start":{"line":146,"column":4},"end":{"line":146,"column":44}},"79":{"start":{"line":147,"column":4},"end":{"line":147,"column":38}},"80":{"start":{"line":148,"column":4},"end":{"line":148,"column":44}},"81":{"start":{"line":149,"column":4},"end":{"line":149,"column":37}},"82":{"start":{"line":150,"column":4},"end":{"line":150,"column":39}},"83":{"start":{"line":152,"column":4},"end":{"line":163,"column":7}},"84":{"start":{"line":153,"column":23},"end":{"line":153,"column":50}},"85":{"start":{"line":154,"column":8},"end":{"line":162,"column":9}},"86":{"start":{"line":155,"column":12},"end":{"line":155,"column":42}},"87":{"start":{"line":156,"column":12},"end":{"line":156,"column":69}},"88":{"start":{"line":158,"column":27},"end":{"line":158,"column":29}},"89":{"start":{"line":159,"column":30},"end":{"line":159,"column":32}},"90":{"start":{"line":160,"column":12},"end":{"line":160,"column":42}},"91":{"start":{"line":161,"column":12},"end":{"line":161,"column":95}},"92":{"start":{"line":165,"column":4},"end":{"line":172,"column":7}},"93":{"start":{"line":166,"column":8},"end":{"line":171,"column":11}},"94":{"start":{"line":167,"column":12},"end":{"line":169,"column":13}},"95":{"start":{"line":168,"column":16},"end":{"line":168,"column":35}},"96":{"start":{"line":170,"column":12},"end":{"line":170,"column":30}},"97":{"start":{"line":174,"column":29},"end":{"line":174,"column":74}},"98":{"start":{"line":175,"column":4},"end":{"line":175,"column":35}},"99":{"start":{"line":176,"column":4},"end":{"line":176,"column":43}},"100":{"start":{"line":177,"column":4},"end":{"line":177,"column":43}},"101":{"start":{"line":178,"column":4},"end":{"line":178,"column":50}},"102":{"start":{"line":179,"column":4},"end":{"line":179,"column":54}},"103":{"start":{"line":180,"column":4},"end":{"line":180,"column":55}},"104":{"start":{"line":181,"column":4},"end":{"line":181,"column":41}},"105":{"start":{"line":182,"column":4},"end":{"line":182,"column":39}},"106":{"start":{"line":183,"column":4},"end":{"line":183,"column":41}},"107":{"start":{"line":184,"column":4},"end":{"line":184,"column":45}},"108":{"start":{"line":185,"column":4},"end":{"line":185,"column":30}},"109":{"start":{"line":187,"column":4},"end":{"line":190,"column":7}},"110":{"start":{"line":188,"column":8},"end":{"line":188,"column":33}},"111":{"start":{"line":189,"column":8},"end":{"line":189,"column":87}},"112":{"start":{"line":193,"column":13},"end":{"line":193,"column":107}},"113":{"start":{"line":194,"column":23},"end":{"line":196,"column":2}},"114":{"start":{"line":195,"column":4},"end":{"line":195,"column":68}},"115":{"start":{"line":198,"column":0},"end":{"line":198,"column":41}}},"fnMap":{"0":{"name":"(anonymous_0)","decl":{"start":{"line":36,"column":8},"end":{"line":36,"column":9}},"loc":{"start":{"line":36,"column":28},"end":{"line":51,"column":1}},"line":36},"1":{"name":"(anonymous_1)","decl":{"start":{"line":39,"column":24},"end":{"line":39,"column":25}},"loc":{"start":{"line":39,"column":34},"end":{"line":48,"column":9}},"line":39},"2":{"name":"(anonymous_2)","decl":{"start":{"line":54,"column":8},"end":{"line":54,"column":9}},"loc":{"start":{"line":54,"column":28},"end":{"line":58,"column":1}},"line":54},"3":{"name":"(anonymous_3)","decl":{"start":{"line":73,"column":14},"end":{"line":73,"column":15}},"loc":{"start":{"line":73,"column":33},"end":{"line":75,"column":9}},"line":73},"4":{"name":"(anonymous_4)","decl":{"start":{"line":76,"column":20},"end":{"line":76,"column":21}},"loc":{"start":{"line":76,"column":45},"end":{"line":83,"column":9}},"line":76},"5":{"name":"(anonymous_5)","decl":{"start":{"line":84,"column":15},"end":{"line":84,"column":16}},"loc":{"start":{"line":84,"column":31},"end":{"line":91,"column":9}},"line":84},"6":{"name":"(anonymous_6)","decl":{"start":{"line":92,"column":12},"end":{"line":92,"column":13}},"loc":{"start":{"line":92,"column":37},"end":{"line":94,"column":9}},"line":92},"7":{"name":"(anonymous_7)","decl":{"start":{"line":95,"column":13},"end":{"line":95,"column":14}},"loc":{"start":{"line":95,"column":29},"end":{"line":97,"column":9}},"line":95},"8":{"name":"(anonymous_8)","decl":{"start":{"line":98,"column":24},"end":{"line":98,"column":25}},"loc":{"start":{"line":98,"column":51},"end":{"line":105,"column":9}},"line":98},"9":{"name":"(anonymous_9)","decl":{"start":{"line":106,"column":18},"end":{"line":106,"column":19}},"loc":{"start":{"line":106,"column":34},"end":{"line":108,"column":9}},"line":106},"10":{"name":"(anonymous_10)","decl":{"start":{"line":119,"column":8},"end":{"line":119,"column":9}},"loc":{"start":{"line":119,"column":28},"end":{"line":123,"column":1}},"line":119},"11":{"name":"(anonymous_11)","decl":{"start":{"line":138,"column":12},"end":{"line":138,"column":13}},"loc":{"start":{"line":138,"column":32},"end":{"line":141,"column":5}},"line":138},"12":{"name":"(anonymous_12)","decl":{"start":{"line":152,"column":17},"end":{"line":152,"column":18}},"loc":{"start":{"line":152,"column":31},"end":{"line":163,"column":5}},"line":152},"13":{"name":"(anonymous_13)","decl":{"start":{"line":165,"column":23},"end":{"line":165,"column":24}},"loc":{"start":{"line":165,"column":37},"end":{"line":172,"column":5}},"line":165},"14":{"name":"(anonymous_14)","decl":{"start":{"line":166,"column":28},"end":{"line":166,"column":29}},"loc":{"start":{"line":166,"column":35},"end":{"line":171,"column":9}},"line":166},"15":{"name":"(anonymous_15)","decl":{"start":{"line":187,"column":12},"end":{"line":187,"column":13}},"loc":{"start":{"line":187,"column":37},"end":{"line":190,"column":5}},"line":187},"16":{"name":"(anonymous_16)","decl":{"start":{"line":194,"column":43},"end":{"line":194,"column":44}},"loc":{"start":{"line":194,"column":49},"end":{"line":196,"column":1}},"line":194}},"branchMap":{"0":{"loc":{"start":{"line":18,"column":12},"end":{"line":18,"column":48}},"type":"binary-expr","locations":[{"start":{"line":18,"column":12},"end":{"line":18,"column":32}},{"start":{"line":18,"column":36},"end":{"line":18,"column":48}}],"line":18},"1":{"loc":{"start":{"line":37,"column":4},"end":{"line":49,"column":5}},"type":"if","locations":[{"start":{"line":37,"column":4},"end":{"line":49,"column":5}},{"start":{},"end":{}}],"line":37},"2":{"loc":{"start":{"line":41,"column":12},"end":{"line":47,"column":13}},"type":"if","locations":[{"start":{"line":41,"column":12},"end":{"line":47,"column":13}},{"start":{},"end":{}}],"line":41},"3":{"loc":{"start":{"line":55,"column":23},"end":{"line":55,"column":104}},"type":"binary-expr","locations":[{"start":{"line":55,"column":23},"end":{"line":55,"column":50}},{"start":{"line":55,"column":54},"end":{"line":55,"column":104}}],"line":55},"4":{"loc":{"start":{"line":77,"column":12},"end":{"line":79,"column":13}},"type":"if","locations":[{"start":{"line":77,"column":12},"end":{"line":79,"column":13}},{"start":{},"end":{}}],"line":77},"5":{"loc":{"start":{"line":80,"column":26},"end":{"line":80,"column":50}},"type":"binary-expr","locations":[{"start":{"line":80,"column":26},"end":{"line":80,"column":44}},{"start":{"line":80,"column":48},"end":{"line":80,"column":50}}],"line":80},"6":{"loc":{"start":{"line":85,"column":12},"end":{"line":87,"column":13}},"type":"if","locations":[{"start":{"line":85,"column":12},"end":{"line":87,"column":13}},{"start":{},"end":{}}],"line":85},"7":{"loc":{"start":{"line":85,"column":16},"end":{"line":85,"column":52}},"type":"binary-expr","locations":[{"start":{"line":85,"column":16},"end":{"line":85,"column":29}},{"start":{"line":85,"column":33},"end":{"line":85,"column":52}}],"line":85},"8":{"loc":{"start":{"line":93,"column":19},"end":{"line":93,"column":69}},"type":"cond-expr","locations":[{"start":{"line":93,"column":29},"end":{"line":93,"column":45}},{"start":{"line":93,"column":48},"end":{"line":93,"column":69}}],"line":93},"9":{"loc":{"start":{"line":120,"column":23},"end":{"line":120,"column":104}},"type":"binary-expr","locations":[{"start":{"line":120,"column":23},"end":{"line":120,"column":50}},{"start":{"line":120,"column":54},"end":{"line":120,"column":104}}],"line":120},"10":{"loc":{"start":{"line":126,"column":0},"end":{"line":191,"column":1}},"type":"if","locations":[{"start":{"line":126,"column":0},"end":{"line":191,"column":1}},{"start":{},"end":{}}],"line":126},"11":{"loc":{"start":{"line":139,"column":27},"end":{"line":139,"column":108}},"type":"binary-expr","locations":[{"start":{"line":139,"column":27},"end":{"line":139,"column":54}},{"start":{"line":139,"column":58},"end":{"line":139,"column":108}}],"line":139},"12":{"loc":{"start":{"line":153,"column":23},"end":{"line":153,"column":50}},"type":"binary-expr","locations":[{"start":{"line":153,"column":23},"end":{"line":153,"column":41}},{"start":{"line":153,"column":45},"end":{"line":153,"column":50}}],"line":153},"13":{"loc":{"start":{"line":154,"column":8},"end":{"line":162,"column":9}},"type":"if","locations":[{"start":{"line":154,"column":8},"end":{"line":162,"column":9}},{"start":{"line":157,"column":15},"end":{"line":162,"column":9}}],"line":154},"14":{"loc":{"start":{"line":167,"column":12},"end":{"line":169,"column":13}},"type":"if","locations":[{"start":{"line":167,"column":12},"end":{"line":169,"column":13}},{"start":{},"end":{}}],"line":167},"15":{"loc":{"start":{"line":193,"column":13},"end":{"line":193,"column":107}},"type":"cond-expr","locations":[{"start":{"line":193,"column":48},"end":{"line":193,"column":77}},{"start":{"line":193,"column":82},"end":{"line":193,"column":106}}],"line":193},"16":{"loc":{"start":{"line":193,"column":48},"end":{"line":193,"column":77}},"type":"binary-expr","locations":[{"start":{"line":193,"column":48},"end":{"line":193,"column":69}},{"start":{"line":193,"column":73},"end":{"line":193,"column":77}}],"line":193},"17":{"loc":{"start":{"line":193,"column":82},"end":{"line":193,"column":106}},"type":"binary-expr","locations":[{"start":{"line":193,"column":82},"end":{"line":193,"column":98}},{"start":{"line":193,"column":102},"end":{"line":193,"column":106}}],"line":193}},"s":{"0":5,"1":5,"2":5,"3":5,"4":5,"5":5,"6":5,"7":5,"8":5,"9":5,"10":5,"11":5,"12":5,"13":5,"14":5,"15":5,"16":5,"17":5,"18":5,"19":5,"20":5,"21":5,"22":21,"23":4,"24":4,"25":4,"26":4,"27":3,"28":3,"29":0,"30":21,"31":5,"32":21,"33":21,"34":5,"35":5,"36":5,"37":0,"38":0,"39":0,"40":0,"41":0,"42":0,"43":0,"44":0,"45":0,"46":0,"47":0,"48":0,"49":0,"50":0,"51":0,"52":0,"53":0,"54":0,"55":0,"56":0,"57":5,"58":5,"59":5,"60":5,"61":5,"62":5,"63":21,"64":21,"65":5,"66":5,"67":5,"68":5,"69":5,"70":5,"71":5,"72":5,"73":5,"74":21,"75":21,"76":5,"77":5,"78":5,"79":5,"80":5,"81":5,"82":5,"83":5,"84":1,"85":1,"86":0,"87":0,"88":1,"89":1,"90":1,"91":1,"92":5,"93":1,"94":1,"95":0,"96":1,"97":5,"98":5,"99":5,"100":5,"101":5,"102":5,"103":5,"104":5,"105":5,"106":5,"107":5,"108":5,"109":5,"110":0,"111":0,"112":5,"113":5,"114":5,"115":5},"f":{"0":21,"1":4,"2":21,"3":0,"4":0,"5":0,"6":0,"7":0,"8":0,"9":0,"10":21,"11":21,"12":1,"13":1,"14":1,"15":0,"16":5},"b":{"0":[5,0],"1":[4,17],"2":[3,1],"3":[21,5],"4":[0,0],"5":[0,0],"6":[0,0],"7":[0,0],"8":[0,0],"9":[21,5],"10":[5,0],"11":[21,5],"12":[1,1],"13":[0,1],"14":[0,1],"15":[5,0],"16":[5,5],"17":[0,0]},"inputSourceMap":null,"_coverageSchema":"1a1c01bbd47fc00a2c39e90264f33305004495a9","hash":"05399f4216610b31e77bbf30718e3668ee61eee7"}
,"C:\\Users\\deike\\OneDrive\\Documents\\GitHub\\Desafio1-VerasmendiBackend\\SegundaPreentrega\\configuration\\logger.js": {"path":"C:\\Users\\deike\\OneDrive\\Documents\\GitHub\\Desafio1-VerasmendiBackend\\SegundaPreentrega\\configuration\\logger.js","statementMap":{"0":{"start":{"line":3,"column":45},"end":{"line":3,"column":63}},"1":{"start":{"line":6,"column":15},"end":{"line":13,"column":1}},"2":{"start":{"line":16,"column":15},"end":{"line":23,"column":1}},"3":{"start":{"line":26,"column":18},"end":{"line":31,"column":1}},"4":{"start":{"line":29,"column":0},"end":{"line":29,"column":59}},"5":{"start":{"line":34,"column":26},"end":{"line":37,"column":1}},"6":{"start":{"line":40,"column":15},"end":{"line":45,"column":2}},"7":{"start":{"line":48,"column":22},"end":{"line":48,"column":52}},"8":{"start":{"line":49,"column":0},"end":{"line":51,"column":4}},"9":{"start":{"line":54,"column":0},"end":{"line":56,"column":2}},"10":{"start":{"line":55,"column":0},"end":{"line":55,"column":37}},"11":{"start":{"line":58,"column":0},"end":{"line":58,"column":24}}},"fnMap":{"0":{"name":"(anonymous_0)","decl":{"start":{"line":28,"column":14},"end":{"line":28,"column":15}},"loc":{"start":{"line":28,"column":49},"end":{"line":30,"column":1}},"line":28},"1":{"name":"(anonymous_1)","decl":{"start":{"line":54,"column":14},"end":{"line":54,"column":15}},"loc":{"start":{"line":54,"column":32},"end":{"line":56,"column":1}},"line":54}},"branchMap":{},"s":{"0":5,"1":5,"2":5,"3":5,"4":16,"5":5,"6":5,"7":5,"8":5,"9":5,"10":1,"11":5},"f":{"0":16,"1":1},"b":{},"inputSourceMap":null,"_coverageSchema":"1a1c01bbd47fc00a2c39e90264f33305004495a9","hash":"a8f766fca51f91220fe260fb9538f4e1cf0b8a3f"}
,"C:\\Users\\deike\\OneDrive\\Documents\\GitHub\\Desafio1-VerasmendiBackend\\SegundaPreentrega\\configuration\\mailer.js": {"path":"C:\\Users\\deike\\OneDrive\\Documents\\GitHub\\Desafio1-VerasmendiBackend\\SegundaPreentrega\\configuration\\mailer.js","statementMap":{"0":{"start":{"line":1,"column":19},"end":{"line":1,"column":40}},"1":{"start":{"line":2,"column":19},"end":{"line":2,"column":40}},"2":{"start":{"line":3,"column":0},"end":{"line":3,"column":27}},"3":{"start":{"line":7,"column":19},"end":{"line":7,"column":37}},"4":{"start":{"line":8,"column":25},"end":{"line":12,"column":5}},"5":{"start":{"line":14,"column":4},"end":{"line":16,"column":7}},"6":{"start":{"line":18,"column":24},"end":{"line":18,"column":59}},"7":{"start":{"line":20,"column":4},"end":{"line":20,"column":46}},"8":{"start":{"line":22,"column":24},"end":{"line":32,"column":6}},"9":{"start":{"line":34,"column":4},"end":{"line":34,"column":23}},"10":{"start":{"line":37,"column":0},"end":{"line":37,"column":39}}},"fnMap":{"0":{"name":"createTransporter","decl":{"start":{"line":6,"column":15},"end":{"line":6,"column":32}},"loc":{"start":{"line":6,"column":35},"end":{"line":35,"column":1}},"line":6}},"branchMap":{},"s":{"0":5,"1":5,"2":5,"3":0,"4":0,"5":0,"6":0,"7":0,"8":0,"9":0,"10":5},"f":{"0":0},"b":{},"inputSourceMap":null,"_coverageSchema":"1a1c01bbd47fc00a2c39e90264f33305004495a9","hash":"da5459fec046a4a1eb634a2191263b160e532197"}
,"C:\\Users\\deike\\OneDrive\\Documents\\GitHub\\Desafio1-VerasmendiBackend\\SegundaPreentrega\\configuration\\swagger.js": {"path":"C:\\Users\\deike\\OneDrive\\Documents\\GitHub\\Desafio1-VerasmendiBackend\\SegundaPreentrega\\configuration\\swagger.js","statementMap":{"0":{"start":{"line":1,"column":21},"end":{"line":1,"column":45}},"1":{"start":{"line":2,"column":18},"end":{"line":2,"column":47}},"2":{"start":{"line":3,"column":16},"end":{"line":3,"column":34}},"3":{"start":{"line":4,"column":12},"end":{"line":4,"column":21}},"4":{"start":{"line":6,"column":26},"end":{"line":19,"column":1}},"5":{"start":{"line":21,"column":16},"end":{"line":25,"column":1}},"6":{"start":{"line":27,"column":20},"end":{"line":27,"column":41}},"7":{"start":{"line":29,"column":0},"end":{"line":29,"column":68}},"8":{"start":{"line":31,"column":0},"end":{"line":31,"column":21}}},"fnMap":{},"branchMap":{},"s":{"0":5,"1":5,"2":5,"3":5,"4":5,"5":5,"6":5,"7":5,"8":5},"f":{},"b":{},"inputSourceMap":null,"_coverageSchema":"1a1c01bbd47fc00a2c39e90264f33305004495a9","hash":"538e219d4621f4fd2c51b199580825cc8b9a0994"}
,"C:\\Users\\deike\\OneDrive\\Documents\\GitHub\\Desafio1-VerasmendiBackend\\SegundaPreentrega\\configuration\\winston-config.js": {"path":"C:\\Users\\deike\\OneDrive\\Documents\\GitHub\\Desafio1-VerasmendiBackend\\SegundaPreentrega\\configuration\\winston-config.js","statementMap":{"0":{"start":{"line":3,"column":15},"end":{"line":3,"column":34}},"1":{"start":{"line":5,"column":0},"end":{"line":5,"column":24}}},"fnMap":{},"branchMap":{},"s":{"0":5,"1":5},"f":{},"b":{},"inputSourceMap":null,"_coverageSchema":"1a1c01bbd47fc00a2c39e90264f33305004495a9","hash":"f7af4c23c30b3713cba038135773f47fd997e824"}
,"C:\\Users\\deike\\OneDrive\\Documents\\GitHub\\Desafio1-VerasmendiBackend\\SegundaPreentrega\\dao\\controllers\\authController.js": {"path":"C:\\Users\\deike\\OneDrive\\Documents\\GitHub\\Desafio1-VerasmendiBackend\\SegundaPreentrega\\dao\\controllers\\authController.js","statementMap":{"0":{"start":{"line":2,"column":12},"end":{"line":2,"column":35}},"1":{"start":{"line":3,"column":15},"end":{"line":3,"column":32}},"2":{"start":{"line":4,"column":15},"end":{"line":4,"column":32}},"3":{"start":{"line":5,"column":13},"end":{"line":5,"column":48}},"4":{"start":{"line":6,"column":20},"end":{"line":6,"column":57}},"5":{"start":{"line":7,"column":15},"end":{"line":7,"column":27}},"6":{"start":{"line":8,"column":0},"end":{"line":8,"column":27}},"7":{"start":{"line":9,"column":30},"end":{"line":9,"column":67}},"8":{"start":{"line":12,"column":0},"end":{"line":14,"column":2}},"9":{"start":{"line":13,"column":4},"end":{"line":13,"column":47}},"10":{"start":{"line":17,"column":0},"end":{"line":43,"column":2}},"11":{"start":{"line":18,"column":22},"end":{"line":18,"column":30}},"12":{"start":{"line":19,"column":17},"end":{"line":19,"column":46}},"13":{"start":{"line":20,"column":4},"end":{"line":42,"column":5}},"14":{"start":{"line":21,"column":8},"end":{"line":21,"column":83}},"15":{"start":{"line":24,"column":18},"end":{"line":24,"column":73}},"16":{"start":{"line":25,"column":22},"end":{"line":25,"column":78}},"17":{"start":{"line":27,"column":4},"end":{"line":41,"column":5}},"18":{"start":{"line":28,"column":28},"end":{"line":28,"column":53}},"19":{"start":{"line":29,"column":28},"end":{"line":34,"column":9}},"20":{"start":{"line":36,"column":8},"end":{"line":36,"column":48}},"21":{"start":{"line":37,"column":8},"end":{"line":37,"column":90}},"22":{"start":{"line":39,"column":8},"end":{"line":39,"column":56}},"23":{"start":{"line":40,"column":8},"end":{"line":40,"column":88}},"24":{"start":{"line":45,"column":0},"end":{"line":53,"column":2}},"25":{"start":{"line":46,"column":22},"end":{"line":46,"column":32}},"26":{"start":{"line":47,"column":4},"end":{"line":52,"column":5}},"27":{"start":{"line":48,"column":24},"end":{"line":48,"column":49}},"28":{"start":{"line":49,"column":8},"end":{"line":49,"column":54}},"29":{"start":{"line":51,"column":8},"end":{"line":51,"column":106}},"30":{"start":{"line":56,"column":0},"end":{"line":78,"column":2}},"31":{"start":{"line":57,"column":35},"end":{"line":57,"column":43}},"32":{"start":{"line":58,"column":4},"end":{"line":77,"column":5}},"33":{"start":{"line":59,"column":24},"end":{"line":59,"column":49}},"34":{"start":{"line":60,"column":21},"end":{"line":60,"column":52}},"35":{"start":{"line":63,"column":31},"end":{"line":63,"column":79}},"36":{"start":{"line":64,"column":8},"end":{"line":66,"column":9}},"37":{"start":{"line":65,"column":12},"end":{"line":65,"column":140}},"38":{"start":{"line":69,"column":31},"end":{"line":69,"column":65}},"39":{"start":{"line":70,"column":8},"end":{"line":70,"column":39}},"40":{"start":{"line":71,"column":8},"end":{"line":71,"column":26}},"41":{"start":{"line":73,"column":8},"end":{"line":73,"column":85}},"42":{"start":{"line":75,"column":8},"end":{"line":75,"column":58}},"43":{"start":{"line":76,"column":8},"end":{"line":76,"column":135}}},"fnMap":{"0":{"name":"(anonymous_0)","decl":{"start":{"line":12,"column":41},"end":{"line":12,"column":42}},"loc":{"start":{"line":12,"column":55},"end":{"line":14,"column":1}},"line":12},"1":{"name":"(anonymous_1)","decl":{"start":{"line":17,"column":31},"end":{"line":17,"column":32}},"loc":{"start":{"line":17,"column":51},"end":{"line":43,"column":1}},"line":17},"2":{"name":"(anonymous_2)","decl":{"start":{"line":45,"column":28},"end":{"line":45,"column":29}},"loc":{"start":{"line":45,"column":42},"end":{"line":53,"column":1}},"line":45},"3":{"name":"(anonymous_3)","decl":{"start":{"line":56,"column":24},"end":{"line":56,"column":25}},"loc":{"start":{"line":56,"column":44},"end":{"line":78,"column":1}},"line":56}},"branchMap":{"0":{"loc":{"start":{"line":20,"column":4},"end":{"line":42,"column":5}},"type":"if","locations":[{"start":{"line":20,"column":4},"end":{"line":42,"column":5}},{"start":{"line":23,"column":8},"end":{"line":42,"column":5}}],"line":20},"1":{"loc":{"start":{"line":64,"column":8},"end":{"line":66,"column":9}},"type":"if","locations":[{"start":{"line":64,"column":8},"end":{"line":66,"column":9}},{"start":{},"end":{}}],"line":64}},"s":{"0":5,"1":5,"2":5,"3":5,"4":5,"5":5,"6":5,"7":5,"8":5,"9":0,"10":5,"11":0,"12":0,"13":0,"14":0,"15":0,"16":0,"17":0,"18":0,"19":0,"20":0,"21":0,"22":0,"23":0,"24":5,"25":0,"26":0,"27":0,"28":0,"29":0,"30":5,"31":0,"32":0,"33":0,"34":0,"35":0,"36":0,"37":0,"38":0,"39":0,"40":0,"41":0,"42":0,"43":0},"f":{"0":0,"1":0,"2":0,"3":0},"b":{"0":[0,0],"1":[0,0]},"inputSourceMap":null,"_coverageSchema":"1a1c01bbd47fc00a2c39e90264f33305004495a9","hash":"33baf323fa48d11472cc2d94eca7899acd4e1113"}
,"C:\\Users\\deike\\OneDrive\\Documents\\GitHub\\Desafio1-VerasmendiBackend\\SegundaPreentrega\\dao\\controllers\\cartsController.js": {"path":"C:\\Users\\deike\\OneDrive\\Documents\\GitHub\\Desafio1-VerasmendiBackend\\SegundaPreentrega\\dao\\controllers\\cartsController.js","statementMap":{"0":{"start":{"line":1,"column":13},"end":{"line":1,"column":41}},"1":{"start":{"line":2,"column":16},"end":{"line":2,"column":47}},"2":{"start":{"line":3,"column":25},"end":{"line":3,"column":54}},"3":{"start":{"line":4,"column":15},"end":{"line":4,"column":60}},"4":{"start":{"line":7,"column":24},"end":{"line":371,"column":1}},"5":{"start":{"line":10,"column":0},"end":{"line":18,"column":1}},"6":{"start":{"line":11,"column":23},"end":{"line":11,"column":31}},"7":{"start":{"line":12,"column":26},"end":{"line":12,"column":34}},"8":{"start":{"line":13,"column":20},"end":{"line":13,"column":59}},"9":{"start":{"line":14,"column":4},"end":{"line":14,"column":34}},"10":{"start":{"line":16,"column":4},"end":{"line":16,"column":55}},"11":{"start":{"line":17,"column":4},"end":{"line":17,"column":66}},"12":{"start":{"line":23,"column":0},"end":{"line":29,"column":1}},"13":{"start":{"line":24,"column":18},"end":{"line":24,"column":35}},"14":{"start":{"line":25,"column":4},"end":{"line":25,"column":32}},"15":{"start":{"line":27,"column":4},"end":{"line":27,"column":59}},"16":{"start":{"line":28,"column":4},"end":{"line":28,"column":66}},"17":{"start":{"line":34,"column":23},"end":{"line":34,"column":33}},"18":{"start":{"line":35,"column":4},"end":{"line":86,"column":5}},"19":{"start":{"line":36,"column":21},"end":{"line":36,"column":76}},"20":{"start":{"line":37,"column":8},"end":{"line":81,"column":5}},"21":{"start":{"line":38,"column":12},"end":{"line":38,"column":33}},"22":{"start":{"line":39,"column":12},"end":{"line":41,"column":13}},"23":{"start":{"line":40,"column":16},"end":{"line":40,"column":80}},"24":{"start":{"line":44,"column":38},"end":{"line":57,"column":13}},"25":{"start":{"line":48,"column":47},"end":{"line":53,"column":17}},"26":{"start":{"line":59,"column":12},"end":{"line":59,"column":59}},"27":{"start":{"line":61,"column":8},"end":{"line":65,"column":9}},"28":{"start":{"line":62,"column":12},"end":{"line":64,"column":13}},"29":{"start":{"line":63,"column":16},"end":{"line":63,"column":80}},"30":{"start":{"line":67,"column":22},"end":{"line":71,"column":11}},"31":{"start":{"line":67,"column":46},"end":{"line":71,"column":9}},"32":{"start":{"line":74,"column":27},"end":{"line":74,"column":97}},"33":{"start":{"line":74,"column":57},"end":{"line":74,"column":93}},"34":{"start":{"line":77,"column":8},"end":{"line":80,"column":10}},"35":{"start":{"line":84,"column":8},"end":{"line":84,"column":61}},"36":{"start":{"line":85,"column":8},"end":{"line":85,"column":70}},"37":{"start":{"line":91,"column":4},"end":{"line":116,"column":5}},"38":{"start":{"line":92,"column":27},"end":{"line":92,"column":37}},"39":{"start":{"line":93,"column":47},"end":{"line":93,"column":55}},"40":{"start":{"line":94,"column":21},"end":{"line":94,"column":48}},"41":{"start":{"line":96,"column":8},"end":{"line":112,"column":9}},"42":{"start":{"line":98,"column":41},"end":{"line":98,"column":110}},"43":{"start":{"line":98,"column":70},"end":{"line":98,"column":109}},"44":{"start":{"line":100,"column":12},"end":{"line":106,"column":13}},"45":{"start":{"line":102,"column":16},"end":{"line":102,"column":84}},"46":{"start":{"line":105,"column":16},"end":{"line":105,"column":64}},"47":{"start":{"line":108,"column":12},"end":{"line":108,"column":30}},"48":{"start":{"line":109,"column":12},"end":{"line":109,"column":39}},"49":{"start":{"line":111,"column":12},"end":{"line":111,"column":69}},"50":{"start":{"line":114,"column":8},"end":{"line":114,"column":70}},"51":{"start":{"line":115,"column":8},"end":{"line":115,"column":70}},"52":{"start":{"line":122,"column":0},"end":{"line":141,"column":1}},"53":{"start":{"line":123,"column":31},"end":{"line":123,"column":41}},"54":{"start":{"line":124,"column":25},"end":{"line":124,"column":33}},"55":{"start":{"line":125,"column":17},"end":{"line":125,"column":44}},"56":{"start":{"line":126,"column":4},"end":{"line":137,"column":5}},"57":{"start":{"line":127,"column":17},"end":{"line":127,"column":78}},"58":{"start":{"line":127,"column":41},"end":{"line":127,"column":77}},"59":{"start":{"line":128,"column":4},"end":{"line":134,"column":5}},"60":{"start":{"line":129,"column":8},"end":{"line":129,"column":33}},"61":{"start":{"line":130,"column":8},"end":{"line":130,"column":26}},"62":{"start":{"line":131,"column":8},"end":{"line":131,"column":35}},"63":{"start":{"line":133,"column":8},"end":{"line":133,"column":80}},"64":{"start":{"line":136,"column":4},"end":{"line":136,"column":61}},"65":{"start":{"line":139,"column":4},"end":{"line":139,"column":88}},"66":{"start":{"line":140,"column":4},"end":{"line":140,"column":66}},"67":{"start":{"line":146,"column":4},"end":{"line":160,"column":5}},"68":{"start":{"line":147,"column":35},"end":{"line":147,"column":45}},"69":{"start":{"line":148,"column":21},"end":{"line":148,"column":48}},"70":{"start":{"line":149,"column":8},"end":{"line":156,"column":9}},"71":{"start":{"line":151,"column":12},"end":{"line":151,"column":100}},"72":{"start":{"line":151,"column":51},"end":{"line":151,"column":98}},"73":{"start":{"line":152,"column":12},"end":{"line":152,"column":30}},"74":{"start":{"line":153,"column":12},"end":{"line":153,"column":39}},"75":{"start":{"line":155,"column":12},"end":{"line":155,"column":69}},"76":{"start":{"line":158,"column":8},"end":{"line":158,"column":72}},"77":{"start":{"line":159,"column":8},"end":{"line":159,"column":70}},"78":{"start":{"line":165,"column":0},"end":{"line":180,"column":1}},"79":{"start":{"line":166,"column":23},"end":{"line":166,"column":33}},"80":{"start":{"line":167,"column":23},"end":{"line":167,"column":31}},"81":{"start":{"line":168,"column":17},"end":{"line":168,"column":44}},"82":{"start":{"line":170,"column":4},"end":{"line":176,"column":5}},"83":{"start":{"line":171,"column":4},"end":{"line":171,"column":25}},"84":{"start":{"line":172,"column":4},"end":{"line":172,"column":22}},"85":{"start":{"line":173,"column":4},"end":{"line":173,"column":31}},"86":{"start":{"line":175,"column":4},"end":{"line":175,"column":61}},"87":{"start":{"line":178,"column":4},"end":{"line":178,"column":71}},"88":{"start":{"line":179,"column":4},"end":{"line":179,"column":66}},"89":{"start":{"line":186,"column":4},"end":{"line":207,"column":5}},"90":{"start":{"line":187,"column":38},"end":{"line":187,"column":48}},"91":{"start":{"line":189,"column":21},"end":{"line":189,"column":48}},"92":{"start":{"line":190,"column":8},"end":{"line":192,"column":9}},"93":{"start":{"line":191,"column":12},"end":{"line":191,"column":51}},"94":{"start":{"line":194,"column":33},"end":{"line":194,"column":50}},"95":{"start":{"line":195,"column":8},"end":{"line":195,"column":99}},"96":{"start":{"line":195,"column":47},"end":{"line":195,"column":97}},"97":{"start":{"line":198,"column":31},"end":{"line":198,"column":48}},"98":{"start":{"line":199,"column":8},"end":{"line":201,"column":9}},"99":{"start":{"line":200,"column":12},"end":{"line":200,"column":66}},"100":{"start":{"line":203,"column":8},"end":{"line":203,"column":26}},"101":{"start":{"line":205,"column":8},"end":{"line":205,"column":72}},"102":{"start":{"line":206,"column":8},"end":{"line":206,"column":77}},"103":{"start":{"line":213,"column":20},"end":{"line":213,"column":30}},"104":{"start":{"line":214,"column":25},"end":{"line":214,"column":33}},"105":{"start":{"line":215,"column":4},"end":{"line":229,"column":5}},"106":{"start":{"line":216,"column":21},"end":{"line":216,"column":45}},"107":{"start":{"line":218,"column":8},"end":{"line":220,"column":9}},"108":{"start":{"line":219,"column":12},"end":{"line":219,"column":78}},"109":{"start":{"line":222,"column":8},"end":{"line":222,"column":33}},"110":{"start":{"line":224,"column":8},"end":{"line":224,"column":26}},"111":{"start":{"line":225,"column":8},"end":{"line":225,"column":81}},"112":{"start":{"line":227,"column":8},"end":{"line":227,"column":64}},"113":{"start":{"line":228,"column":8},"end":{"line":228,"column":70}},"114":{"start":{"line":234,"column":25},"end":{"line":234,"column":35}},"115":{"start":{"line":235,"column":25},"end":{"line":235,"column":33}},"116":{"start":{"line":237,"column":4},"end":{"line":255,"column":5}},"117":{"start":{"line":238,"column":21},"end":{"line":238,"column":45}},"118":{"start":{"line":239,"column":8},"end":{"line":241,"column":9}},"119":{"start":{"line":240,"column":12},"end":{"line":240,"column":78}},"120":{"start":{"line":244,"column":29},"end":{"line":244,"column":92}},"121":{"start":{"line":244,"column":58},"end":{"line":244,"column":91}},"122":{"start":{"line":245,"column":8},"end":{"line":251,"column":9}},"123":{"start":{"line":246,"column":12},"end":{"line":246,"column":57}},"124":{"start":{"line":247,"column":12},"end":{"line":247,"column":30}},"125":{"start":{"line":248,"column":12},"end":{"line":248,"column":99}},"126":{"start":{"line":250,"column":12},"end":{"line":250,"column":86}},"127":{"start":{"line":253,"column":8},"end":{"line":253,"column":78}},"128":{"start":{"line":254,"column":8},"end":{"line":254,"column":70}},"129":{"start":{"line":260,"column":20},"end":{"line":260,"column":30}},"130":{"start":{"line":262,"column":4},"end":{"line":276,"column":5}},"131":{"start":{"line":263,"column":21},"end":{"line":263,"column":45}},"132":{"start":{"line":264,"column":8},"end":{"line":266,"column":9}},"133":{"start":{"line":265,"column":12},"end":{"line":265,"column":78}},"134":{"start":{"line":269,"column":8},"end":{"line":269,"column":24}},"135":{"start":{"line":271,"column":8},"end":{"line":271,"column":26}},"136":{"start":{"line":272,"column":8},"end":{"line":272,"column":103}},"137":{"start":{"line":274,"column":8},"end":{"line":274,"column":60}},"138":{"start":{"line":275,"column":8},"end":{"line":275,"column":70}},"139":{"start":{"line":281,"column":19},"end":{"line":281,"column":39}},"140":{"start":{"line":282,"column":22},"end":{"line":282,"column":44}},"141":{"start":{"line":284,"column":4},"end":{"line":306,"column":5}},"142":{"start":{"line":286,"column":22},"end":{"line":286,"column":77}},"143":{"start":{"line":289,"column":28},"end":{"line":289,"column":74}},"144":{"start":{"line":289,"column":49},"end":{"line":289,"column":73}},"145":{"start":{"line":290,"column":31},"end":{"line":290,"column":80}},"146":{"start":{"line":290,"column":52},"end":{"line":290,"column":79}},"147":{"start":{"line":293,"column":8},"end":{"line":297,"column":9}},"148":{"start":{"line":295,"column":31},"end":{"line":295,"column":45}},"149":{"start":{"line":296,"column":12},"end":{"line":296,"column":33}},"150":{"start":{"line":300,"column":8},"end":{"line":300,"column":80}},"151":{"start":{"line":301,"column":24},"end":{"line":301,"column":64}},"152":{"start":{"line":302,"column":8},"end":{"line":302,"column":26}},"153":{"start":{"line":304,"column":8},"end":{"line":304,"column":61}},"154":{"start":{"line":305,"column":8},"end":{"line":305,"column":77}},"155":{"start":{"line":310,"column":23},"end":{"line":310,"column":33}},"156":{"start":{"line":311,"column":4},"end":{"line":369,"column":5}},"157":{"start":{"line":312,"column":21},"end":{"line":312,"column":76}},"158":{"start":{"line":313,"column":8},"end":{"line":315,"column":9}},"159":{"start":{"line":314,"column":12},"end":{"line":314,"column":93}},"160":{"start":{"line":317,"column":34},"end":{"line":317,"column":36}},"161":{"start":{"line":318,"column":37},"end":{"line":318,"column":39}},"162":{"start":{"line":320,"column":35},"end":{"line":320,"column":36}},"163":{"start":{"line":321,"column":38},"end":{"line":321,"column":39}},"164":{"start":{"line":323,"column":8},"end":{"line":346,"column":9}},"165":{"start":{"line":324,"column":28},"end":{"line":324,"column":42}},"166":{"start":{"line":326,"column":12},"end":{"line":345,"column":13}},"167":{"start":{"line":327,"column":16},"end":{"line":332,"column":19}},"168":{"start":{"line":333,"column":16},"end":{"line":333,"column":70}},"169":{"start":{"line":335,"column":16},"end":{"line":340,"column":19}},"170":{"start":{"line":341,"column":16},"end":{"line":341,"column":67}},"171":{"start":{"line":342,"column":16},"end":{"line":342,"column":47}},"172":{"start":{"line":343,"column":16},"end":{"line":343,"column":37}},"173":{"start":{"line":344,"column":16},"end":{"line":344,"column":116}},"174":{"start":{"line":348,"column":8},"end":{"line":350,"column":9}},"175":{"start":{"line":349,"column":12},"end":{"line":349,"column":95}},"176":{"start":{"line":352,"column":8},"end":{"line":354,"column":9}},"177":{"start":{"line":353,"column":12},"end":{"line":353,"column":38}},"178":{"start":{"line":355,"column":8},"end":{"line":355,"column":26}},"179":{"start":{"line":356,"column":8},"end":{"line":364,"column":11}},"180":{"start":{"line":367,"column":8},"end":{"line":367,"column":61}},"181":{"start":{"line":368,"column":8},"end":{"line":368,"column":77}},"182":{"start":{"line":375,"column":0},"end":{"line":375,"column":33}}},"fnMap":{"0":{"name":"(anonymous_0)","decl":{"start":{"line":9,"column":12},"end":{"line":9,"column":13}},"loc":{"start":{"line":9,"column":32},"end":{"line":19,"column":1}},"line":9},"1":{"name":"(anonymous_1)","decl":{"start":{"line":22,"column":13},"end":{"line":22,"column":14}},"loc":{"start":{"line":22,"column":33},"end":{"line":30,"column":1}},"line":22},"2":{"name":"(anonymous_2)","decl":{"start":{"line":33,"column":13},"end":{"line":33,"column":14}},"loc":{"start":{"line":33,"column":33},"end":{"line":87,"column":1}},"line":33},"3":{"name":"(anonymous_3)","decl":{"start":{"line":48,"column":38},"end":{"line":48,"column":39}},"loc":{"start":{"line":48,"column":47},"end":{"line":53,"column":17}},"line":48},"4":{"name":"(anonymous_4)","decl":{"start":{"line":67,"column":37},"end":{"line":67,"column":38}},"loc":{"start":{"line":67,"column":46},"end":{"line":71,"column":9}},"line":67},"5":{"name":"(anonymous_5)","decl":{"start":{"line":74,"column":40},"end":{"line":74,"column":41}},"loc":{"start":{"line":74,"column":57},"end":{"line":74,"column":93}},"line":74},"6":{"name":"(anonymous_6)","decl":{"start":{"line":90,"column":11},"end":{"line":90,"column":12}},"loc":{"start":{"line":90,"column":31},"end":{"line":117,"column":1}},"line":90},"7":{"name":"(anonymous_7)","decl":{"start":{"line":98,"column":62},"end":{"line":98,"column":63}},"loc":{"start":{"line":98,"column":70},"end":{"line":98,"column":109}},"line":98},"8":{"name":"(anonymous_8)","decl":{"start":{"line":121,"column":24},"end":{"line":121,"column":25}},"loc":{"start":{"line":121,"column":44},"end":{"line":142,"column":1}},"line":121},"9":{"name":"(anonymous_9)","decl":{"start":{"line":127,"column":33},"end":{"line":127,"column":34}},"loc":{"start":{"line":127,"column":41},"end":{"line":127,"column":77}},"line":127},"10":{"name":"(anonymous_10)","decl":{"start":{"line":145,"column":20},"end":{"line":145,"column":21}},"loc":{"start":{"line":145,"column":40},"end":{"line":161,"column":1}},"line":145},"11":{"name":"(anonymous_11)","decl":{"start":{"line":151,"column":43},"end":{"line":151,"column":44}},"loc":{"start":{"line":151,"column":51},"end":{"line":151,"column":98}},"line":151},"12":{"name":"(anonymous_12)","decl":{"start":{"line":164,"column":18},"end":{"line":164,"column":19}},"loc":{"start":{"line":164,"column":38},"end":{"line":181,"column":1}},"line":164},"13":{"name":"(anonymous_13)","decl":{"start":{"line":185,"column":23},"end":{"line":185,"column":24}},"loc":{"start":{"line":185,"column":43},"end":{"line":208,"column":1}},"line":185},"14":{"name":"(anonymous_14)","decl":{"start":{"line":195,"column":39},"end":{"line":195,"column":40}},"loc":{"start":{"line":195,"column":47},"end":{"line":195,"column":97}},"line":195},"15":{"name":"(anonymous_15)","decl":{"start":{"line":212,"column":12},"end":{"line":212,"column":13}},"loc":{"start":{"line":212,"column":32},"end":{"line":230,"column":1}},"line":212},"16":{"name":"(anonymous_16)","decl":{"start":{"line":233,"column":23},"end":{"line":233,"column":24}},"loc":{"start":{"line":233,"column":43},"end":{"line":256,"column":1}},"line":233},"17":{"name":"(anonymous_17)","decl":{"start":{"line":244,"column":50},"end":{"line":244,"column":51}},"loc":{"start":{"line":244,"column":58},"end":{"line":244,"column":91}},"line":244},"18":{"name":"(anonymous_18)","decl":{"start":{"line":259,"column":13},"end":{"line":259,"column":14}},"loc":{"start":{"line":259,"column":33},"end":{"line":277,"column":1}},"line":259},"19":{"name":"(anonymous_19)","decl":{"start":{"line":280,"column":17},"end":{"line":280,"column":18}},"loc":{"start":{"line":280,"column":37},"end":{"line":307,"column":1}},"line":280},"20":{"name":"(anonymous_20)","decl":{"start":{"line":289,"column":41},"end":{"line":289,"column":42}},"loc":{"start":{"line":289,"column":49},"end":{"line":289,"column":73}},"line":289},"21":{"name":"(anonymous_21)","decl":{"start":{"line":290,"column":44},"end":{"line":290,"column":45}},"loc":{"start":{"line":290,"column":52},"end":{"line":290,"column":79}},"line":290},"22":{"name":"(anonymous_22)","decl":{"start":{"line":309,"column":14},"end":{"line":309,"column":15}},"loc":{"start":{"line":309,"column":34},"end":{"line":370,"column":1}},"line":309}},"branchMap":{"0":{"loc":{"start":{"line":37,"column":8},"end":{"line":81,"column":5}},"type":"if","locations":[{"start":{"line":37,"column":8},"end":{"line":81,"column":5}},{"start":{"line":60,"column":13},"end":{"line":81,"column":5}}],"line":37},"1":{"loc":{"start":{"line":39,"column":12},"end":{"line":41,"column":13}},"type":"if","locations":[{"start":{"line":39,"column":12},"end":{"line":41,"column":13}},{"start":{},"end":{}}],"line":39},"2":{"loc":{"start":{"line":61,"column":8},"end":{"line":65,"column":9}},"type":"if","locations":[{"start":{"line":61,"column":8},"end":{"line":65,"column":9}},{"start":{},"end":{}}],"line":61},"3":{"loc":{"start":{"line":62,"column":12},"end":{"line":64,"column":13}},"type":"if","locations":[{"start":{"line":62,"column":12},"end":{"line":64,"column":13}},{"start":{},"end":{}}],"line":62},"4":{"loc":{"start":{"line":96,"column":8},"end":{"line":112,"column":9}},"type":"if","locations":[{"start":{"line":96,"column":8},"end":{"line":112,"column":9}},{"start":{"line":110,"column":15},"end":{"line":112,"column":9}}],"line":96},"5":{"loc":{"start":{"line":100,"column":12},"end":{"line":106,"column":13}},"type":"if","locations":[{"start":{"line":100,"column":12},"end":{"line":106,"column":13}},{"start":{"line":103,"column":19},"end":{"line":106,"column":13}}],"line":100},"6":{"loc":{"start":{"line":126,"column":4},"end":{"line":137,"column":5}},"type":"if","locations":[{"start":{"line":126,"column":4},"end":{"line":137,"column":5}},{"start":{"line":135,"column":11},"end":{"line":137,"column":5}}],"line":126},"7":{"loc":{"start":{"line":128,"column":4},"end":{"line":134,"column":5}},"type":"if","locations":[{"start":{"line":128,"column":4},"end":{"line":134,"column":5}},{"start":{"line":132,"column":11},"end":{"line":134,"column":5}}],"line":128},"8":{"loc":{"start":{"line":149,"column":8},"end":{"line":156,"column":9}},"type":"if","locations":[{"start":{"line":149,"column":8},"end":{"line":156,"column":9}},{"start":{"line":154,"column":15},"end":{"line":156,"column":9}}],"line":149},"9":{"loc":{"start":{"line":170,"column":4},"end":{"line":176,"column":5}},"type":"if","locations":[{"start":{"line":170,"column":4},"end":{"line":176,"column":5}},{"start":{"line":174,"column":11},"end":{"line":176,"column":5}}],"line":170},"10":{"loc":{"start":{"line":190,"column":8},"end":{"line":192,"column":9}},"type":"if","locations":[{"start":{"line":190,"column":8},"end":{"line":192,"column":9}},{"start":{},"end":{}}],"line":190},"11":{"loc":{"start":{"line":199,"column":8},"end":{"line":201,"column":9}},"type":"if","locations":[{"start":{"line":199,"column":8},"end":{"line":201,"column":9}},{"start":{},"end":{}}],"line":199},"12":{"loc":{"start":{"line":218,"column":8},"end":{"line":220,"column":9}},"type":"if","locations":[{"start":{"line":218,"column":8},"end":{"line":220,"column":9}},{"start":{},"end":{}}],"line":218},"13":{"loc":{"start":{"line":239,"column":8},"end":{"line":241,"column":9}},"type":"if","locations":[{"start":{"line":239,"column":8},"end":{"line":241,"column":9}},{"start":{},"end":{}}],"line":239},"14":{"loc":{"start":{"line":245,"column":8},"end":{"line":251,"column":9}},"type":"if","locations":[{"start":{"line":245,"column":8},"end":{"line":251,"column":9}},{"start":{"line":249,"column":15},"end":{"line":251,"column":9}}],"line":245},"15":{"loc":{"start":{"line":264,"column":8},"end":{"line":266,"column":9}},"type":"if","locations":[{"start":{"line":264,"column":8},"end":{"line":266,"column":9}},{"start":{},"end":{}}],"line":264},"16":{"loc":{"start":{"line":293,"column":8},"end":{"line":297,"column":9}},"type":"if","locations":[{"start":{"line":293,"column":8},"end":{"line":297,"column":9}},{"start":{},"end":{}}],"line":293},"17":{"loc":{"start":{"line":313,"column":8},"end":{"line":315,"column":9}},"type":"if","locations":[{"start":{"line":313,"column":8},"end":{"line":315,"column":9}},{"start":{},"end":{}}],"line":313},"18":{"loc":{"start":{"line":313,"column":12},"end":{"line":313,"column":45}},"type":"binary-expr","locations":[{"start":{"line":313,"column":12},"end":{"line":313,"column":17}},{"start":{"line":313,"column":21},"end":{"line":313,"column":45}}],"line":313},"19":{"loc":{"start":{"line":326,"column":12},"end":{"line":345,"column":13}},"type":"if","locations":[{"start":{"line":326,"column":12},"end":{"line":345,"column":13}},{"start":{"line":334,"column":19},"end":{"line":345,"column":13}}],"line":326},"20":{"loc":{"start":{"line":326,"column":16},"end":{"line":326,"column":57}},"type":"binary-expr","locations":[{"start":{"line":326,"column":16},"end":{"line":326,"column":24}},{"start":{"line":326,"column":28},"end":{"line":326,"column":57}}],"line":326},"21":{"loc":{"start":{"line":348,"column":8},"end":{"line":350,"column":9}},"type":"if","locations":[{"start":{"line":348,"column":8},"end":{"line":350,"column":9}},{"start":{},"end":{}}],"line":348},"22":{"loc":{"start":{"line":352,"column":8},"end":{"line":354,"column":9}},"type":"if","locations":[{"start":{"line":352,"column":8},"end":{"line":354,"column":9}},{"start":{},"end":{}}],"line":352}},"s":{"0":5,"1":5,"2":5,"3":5,"4":5,"5":1,"6":1,"7":1,"8":1,"9":1,"10":0,"11":0,"12":1,"13":1,"14":1,"15":0,"16":0,"17":0,"18":0,"19":0,"20":0,"21":0,"22":0,"23":0,"24":0,"25":0,"26":0,"27":0,"28":0,"29":0,"30":0,"31":0,"32":0,"33":0,"34":0,"35":0,"36":0,"37":1,"38":1,"39":1,"40":1,"41":1,"42":1,"43":0,"44":1,"45":0,"46":1,"47":1,"48":1,"49":0,"50":0,"51":0,"52":1,"53":1,"54":1,"55":1,"56":1,"57":1,"58":1,"59":1,"60":1,"61":1,"62":1,"63":0,"64":0,"65":0,"66":0,"67":1,"68":1,"69":1,"70":1,"71":1,"72":1,"73":1,"74":1,"75":0,"76":0,"77":0,"78":1,"79":1,"80":1,"81":1,"82":1,"83":1,"84":1,"85":1,"86":0,"87":0,"88":0,"89":0,"90":0,"91":0,"92":0,"93":0,"94":0,"95":0,"96":0,"97":0,"98":0,"99":0,"100":0,"101":0,"102":0,"103":0,"104":0,"105":0,"106":0,"107":0,"108":0,"109":0,"110":0,"111":0,"112":0,"113":0,"114":0,"115":0,"116":0,"117":0,"118":0,"119":0,"120":0,"121":0,"122":0,"123":0,"124":0,"125":0,"126":0,"127":0,"128":0,"129":0,"130":0,"131":0,"132":0,"133":0,"134":0,"135":0,"136":0,"137":0,"138":0,"139":0,"140":0,"141":0,"142":0,"143":0,"144":0,"145":0,"146":0,"147":0,"148":0,"149":0,"150":0,"151":0,"152":0,"153":0,"154":0,"155":0,"156":0,"157":0,"158":0,"159":0,"160":0,"161":0,"162":0,"163":0,"164":0,"165":0,"166":0,"167":0,"168":0,"169":0,"170":0,"171":0,"172":0,"173":0,"174":0,"175":0,"176":0,"177":0,"178":0,"179":0,"180":0,"181":0,"182":5},"f":{"0":1,"1":1,"2":0,"3":0,"4":0,"5":0,"6":1,"7":0,"8":1,"9":1,"10":1,"11":1,"12":1,"13":0,"14":0,"15":0,"16":0,"17":0,"18":0,"19":0,"20":0,"21":0,"22":0},"b":{"0":[0,0],"1":[0,0],"2":[0,0],"3":[0,0],"4":[1,0],"5":[0,1],"6":[1,0],"7":[1,0],"8":[1,0],"9":[1,0],"10":[0,0],"11":[0,0],"12":[0,0],"13":[0,0],"14":[0,0],"15":[0,0],"16":[0,0],"17":[0,0],"18":[0,0],"19":[0,0],"20":[0,0],"21":[0,0],"22":[0,0]},"inputSourceMap":null,"_coverageSchema":"1a1c01bbd47fc00a2c39e90264f33305004495a9","hash":"c520a21fa54a5065918ce9594c2e9062e900ba66"}
,"C:\\Users\\deike\\OneDrive\\Documents\\GitHub\\Desafio1-VerasmendiBackend\\SegundaPreentrega\\dao\\controllers\\messageController.js": {"path":"C:\\Users\\deike\\OneDrive\\Documents\\GitHub\\Desafio1-VerasmendiBackend\\SegundaPreentrega\\dao\\controllers\\messageController.js","statementMap":{"0":{"start":{"line":1,"column":16},"end":{"line":1,"column":47}},"1":{"start":{"line":3,"column":0},"end":{"line":18,"column":2}},"2":{"start":{"line":4,"column":4},"end":{"line":17,"column":5}},"3":{"start":{"line":5,"column":25},"end":{"line":5,"column":45}},"4":{"start":{"line":7,"column":34},"end":{"line":12,"column":10}},"5":{"start":{"line":8,"column":12},"end":{"line":11,"column":14}},"6":{"start":{"line":13,"column":8},"end":{"line":13,"column":33}},"7":{"start":{"line":15,"column":8},"end":{"line":15,"column":63}},"8":{"start":{"line":16,"column":8},"end":{"line":16,"column":54}},"9":{"start":{"line":21,"column":0},"end":{"line":32,"column":2}},"10":{"start":{"line":22,"column":4},"end":{"line":31,"column":5}},"11":{"start":{"line":23,"column":34},"end":{"line":23,"column":42}},"12":{"start":{"line":24,"column":27},"end":{"line":24,"column":57}},"13":{"start":{"line":25,"column":8},"end":{"line":25,"column":32}},"14":{"start":{"line":27,"column":8},"end":{"line":27,"column":41}},"15":{"start":{"line":29,"column":8},"end":{"line":29,"column":58}},"16":{"start":{"line":30,"column":8},"end":{"line":30,"column":70}},"17":{"start":{"line":34,"column":0},"end":{"line":43,"column":2}},"18":{"start":{"line":35,"column":4},"end":{"line":42,"column":5}},"19":{"start":{"line":36,"column":30},"end":{"line":36,"column":40}},"20":{"start":{"line":37,"column":8},"end":{"line":37,"column":51}},"21":{"start":{"line":38,"column":8},"end":{"line":38,"column":77}},"22":{"start":{"line":40,"column":8},"end":{"line":40,"column":59}},"23":{"start":{"line":41,"column":8},"end":{"line":41,"column":70}}},"fnMap":{"0":{"name":"(anonymous_0)","decl":{"start":{"line":3,"column":25},"end":{"line":3,"column":26}},"loc":{"start":{"line":3,"column":37},"end":{"line":18,"column":1}},"line":3},"1":{"name":"(anonymous_1)","decl":{"start":{"line":7,"column":47},"end":{"line":7,"column":48}},"loc":{"start":{"line":7,"column":58},"end":{"line":12,"column":9}},"line":7},"2":{"name":"(anonymous_2)","decl":{"start":{"line":21,"column":21},"end":{"line":21,"column":22}},"loc":{"start":{"line":21,"column":41},"end":{"line":32,"column":1}},"line":21},"3":{"name":"(anonymous_3)","decl":{"start":{"line":34,"column":24},"end":{"line":34,"column":25}},"loc":{"start":{"line":34,"column":44},"end":{"line":43,"column":1}},"line":34}},"branchMap":{},"s":{"0":5,"1":5,"2":1,"3":1,"4":1,"5":0,"6":1,"7":0,"8":0,"9":5,"10":1,"11":1,"12":1,"13":1,"14":1,"15":0,"16":0,"17":5,"18":1,"19":1,"20":1,"21":1,"22":0,"23":0},"f":{"0":1,"1":0,"2":1,"3":1},"b":{},"inputSourceMap":null,"_coverageSchema":"1a1c01bbd47fc00a2c39e90264f33305004495a9","hash":"a814368fb6c84c5a0a1221dad51f3f75142ff3b2"}
,"C:\\Users\\deike\\OneDrive\\Documents\\GitHub\\Desafio1-VerasmendiBackend\\SegundaPreentrega\\dao\\controllers\\productsController.js": {"path":"C:\\Users\\deike\\OneDrive\\Documents\\GitHub\\Desafio1-VerasmendiBackend\\SegundaPreentrega\\dao\\controllers\\productsController.js","statementMap":{"0":{"start":{"line":1,"column":17},"end":{"line":1,"column":36}},"1":{"start":{"line":2,"column":16},"end":{"line":2,"column":47}},"2":{"start":{"line":5,"column":0},"end":{"line":65,"column":2}},"3":{"start":{"line":6,"column":4},"end":{"line":64,"column":5}},"4":{"start":{"line":7,"column":54},"end":{"line":7,"column":63}},"5":{"start":{"line":8,"column":24},"end":{"line":12,"column":9}},"6":{"start":{"line":14,"column":21},"end":{"line":14,"column":23}},"7":{"start":{"line":15,"column":8},"end":{"line":17,"column":9}},"8":{"start":{"line":16,"column":12},"end":{"line":16,"column":54}},"9":{"start":{"line":20,"column":23},"end":{"line":20,"column":62}},"10":{"start":{"line":23,"column":25},"end":{"line":28,"column":10}},"11":{"start":{"line":24,"column":12},"end":{"line":27,"column":14}},"12":{"start":{"line":31,"column":33},"end":{"line":31,"column":88}},"13":{"start":{"line":31,"column":69},"end":{"line":31,"column":85}},"14":{"start":{"line":33,"column":8},"end":{"line":61,"column":9}},"15":{"start":{"line":35,"column":29},"end":{"line":46,"column":13}},"16":{"start":{"line":47,"column":12},"end":{"line":47,"column":43}},"17":{"start":{"line":50,"column":12},"end":{"line":59,"column":14}},"18":{"start":{"line":60,"column":12},"end":{"line":60,"column":19}},"19":{"start":{"line":63,"column":8},"end":{"line":63,"column":20}},"20":{"start":{"line":69,"column":0},"end":{"line":90,"column":2}},"21":{"start":{"line":70,"column":4},"end":{"line":89,"column":5}},"22":{"start":{"line":72,"column":21},"end":{"line":72,"column":37}},"23":{"start":{"line":74,"column":8},"end":{"line":85,"column":9}},"24":{"start":{"line":75,"column":31},"end":{"line":75,"column":52}},"25":{"start":{"line":76,"column":12},"end":{"line":76,"column":36}},"26":{"start":{"line":77,"column":12},"end":{"line":81,"column":13}},"27":{"start":{"line":78,"column":16},"end":{"line":78,"column":102}},"28":{"start":{"line":80,"column":16},"end":{"line":80,"column":37}},"29":{"start":{"line":83,"column":12},"end":{"line":83,"column":82}},"30":{"start":{"line":84,"column":12},"end":{"line":84,"column":104}},"31":{"start":{"line":87,"column":8},"end":{"line":87,"column":62}},"32":{"start":{"line":88,"column":8},"end":{"line":88,"column":96}},"33":{"start":{"line":92,"column":0},"end":{"line":116,"column":2}},"34":{"start":{"line":93,"column":4},"end":{"line":115,"column":5}},"35":{"start":{"line":95,"column":21},"end":{"line":95,"column":37}},"36":{"start":{"line":97,"column":8},"end":{"line":107,"column":9}},"37":{"start":{"line":98,"column":35},"end":{"line":98,"column":106}},"38":{"start":{"line":99,"column":12},"end":{"line":103,"column":13}},"39":{"start":{"line":100,"column":16},"end":{"line":100,"column":109}},"40":{"start":{"line":102,"column":16},"end":{"line":102,"column":41}},"41":{"start":{"line":105,"column":12},"end":{"line":105,"column":82}},"42":{"start":{"line":106,"column":12},"end":{"line":106,"column":104}},"43":{"start":{"line":109,"column":8},"end":{"line":109,"column":65}},"44":{"start":{"line":110,"column":8},"end":{"line":114,"column":9}},"45":{"start":{"line":111,"column":12},"end":{"line":111,"column":103}},"46":{"start":{"line":113,"column":12},"end":{"line":113,"column":40}},"47":{"start":{"line":119,"column":0},"end":{"line":143,"column":2}},"48":{"start":{"line":120,"column":4},"end":{"line":142,"column":5}},"49":{"start":{"line":122,"column":21},"end":{"line":122,"column":37}},"50":{"start":{"line":124,"column":8},"end":{"line":134,"column":9}},"51":{"start":{"line":125,"column":12},"end":{"line":125,"column":59}},"52":{"start":{"line":126,"column":12},"end":{"line":130,"column":13}},"53":{"start":{"line":127,"column":16},"end":{"line":127,"column":86}},"54":{"start":{"line":129,"column":16},"end":{"line":129,"column":74}},"55":{"start":{"line":132,"column":12},"end":{"line":132,"column":82}},"56":{"start":{"line":133,"column":12},"end":{"line":133,"column":104}},"57":{"start":{"line":136,"column":8},"end":{"line":136,"column":63}},"58":{"start":{"line":137,"column":8},"end":{"line":141,"column":9}},"59":{"start":{"line":138,"column":12},"end":{"line":138,"column":101}},"60":{"start":{"line":140,"column":12},"end":{"line":140,"column":40}},"61":{"start":{"line":147,"column":0},"end":{"line":163,"column":2}},"62":{"start":{"line":148,"column":4},"end":{"line":162,"column":5}},"63":{"start":{"line":149,"column":24},"end":{"line":149,"column":57}},"64":{"start":{"line":151,"column":8},"end":{"line":154,"column":9}},"65":{"start":{"line":153,"column":12},"end":{"line":153,"column":24}},"66":{"start":{"line":156,"column":8},"end":{"line":159,"column":10}},"67":{"start":{"line":161,"column":8},"end":{"line":161,"column":20}},"68":{"start":{"line":168,"column":0},"end":{"line":269,"column":2}},"69":{"start":{"line":169,"column":4},"end":{"line":268,"column":5}},"70":{"start":{"line":170,"column":29},"end":{"line":170,"column":38}},"71":{"start":{"line":171,"column":54},"end":{"line":171,"column":63}},"72":{"start":{"line":172,"column":24},"end":{"line":176,"column":9}},"73":{"start":{"line":179,"column":8},"end":{"line":265,"column":9}},"74":{"start":{"line":181,"column":32},"end":{"line":181,"column":67}},"75":{"start":{"line":183,"column":29},"end":{"line":188,"column":14}},"76":{"start":{"line":184,"column":16},"end":{"line":187,"column":18}},"77":{"start":{"line":190,"column":12},"end":{"line":218,"column":13}},"78":{"start":{"line":192,"column":33},"end":{"line":203,"column":17}},"79":{"start":{"line":204,"column":16},"end":{"line":204,"column":47}},"80":{"start":{"line":207,"column":16},"end":{"line":216,"column":18}},"81":{"start":{"line":217,"column":16},"end":{"line":217,"column":23}},"82":{"start":{"line":221,"column":25},"end":{"line":221,"column":37}},"83":{"start":{"line":223,"column":12},"end":{"line":225,"column":13}},"84":{"start":{"line":224,"column":16},"end":{"line":224,"column":53}},"85":{"start":{"line":227,"column":27},"end":{"line":227,"column":66}},"86":{"start":{"line":229,"column":29},"end":{"line":234,"column":14}},"87":{"start":{"line":230,"column":16},"end":{"line":233,"column":18}},"88":{"start":{"line":236,"column":12},"end":{"line":264,"column":13}},"89":{"start":{"line":238,"column":33},"end":{"line":249,"column":17}},"90":{"start":{"line":250,"column":16},"end":{"line":250,"column":47}},"91":{"start":{"line":253,"column":16},"end":{"line":262,"column":18}},"92":{"start":{"line":263,"column":16},"end":{"line":263,"column":23}},"93":{"start":{"line":267,"column":8},"end":{"line":267,"column":20}}},"fnMap":{"0":{"name":"(anonymous_0)","decl":{"start":{"line":5,"column":25},"end":{"line":5,"column":26}},"loc":{"start":{"line":5,"column":51},"end":{"line":65,"column":1}},"line":5},"1":{"name":"(anonymous_1)","decl":{"start":{"line":23,"column":41},"end":{"line":23,"column":42}},"loc":{"start":{"line":23,"column":52},"end":{"line":28,"column":9}},"line":23},"2":{"name":"(anonymous_2)","decl":{"start":{"line":31,"column":58},"end":{"line":31,"column":59}},"loc":{"start":{"line":31,"column":69},"end":{"line":31,"column":85}},"line":31},"3":{"name":"(anonymous_3)","decl":{"start":{"line":69,"column":21},"end":{"line":69,"column":22}},"loc":{"start":{"line":69,"column":41},"end":{"line":90,"column":1}},"line":69},"4":{"name":"(anonymous_4)","decl":{"start":{"line":92,"column":24},"end":{"line":92,"column":25}},"loc":{"start":{"line":92,"column":44},"end":{"line":116,"column":1}},"line":92},"5":{"name":"(anonymous_5)","decl":{"start":{"line":119,"column":24},"end":{"line":119,"column":25}},"loc":{"start":{"line":119,"column":44},"end":{"line":143,"column":1}},"line":119},"6":{"name":"(anonymous_6)","decl":{"start":{"line":147,"column":28},"end":{"line":147,"column":29}},"loc":{"start":{"line":147,"column":49},"end":{"line":163,"column":1}},"line":147},"7":{"name":"(anonymous_7)","decl":{"start":{"line":168,"column":32},"end":{"line":168,"column":33}},"loc":{"start":{"line":168,"column":58},"end":{"line":269,"column":1}},"line":168},"8":{"name":"(anonymous_8)","decl":{"start":{"line":183,"column":50},"end":{"line":183,"column":51}},"loc":{"start":{"line":183,"column":61},"end":{"line":188,"column":13}},"line":183},"9":{"name":"(anonymous_9)","decl":{"start":{"line":229,"column":45},"end":{"line":229,"column":46}},"loc":{"start":{"line":229,"column":56},"end":{"line":234,"column":13}},"line":229}},"branchMap":{"0":{"loc":{"start":{"line":7,"column":16},"end":{"line":7,"column":26}},"type":"default-arg","locations":[{"start":{"line":7,"column":24},"end":{"line":7,"column":26}}],"line":7},"1":{"loc":{"start":{"line":7,"column":28},"end":{"line":7,"column":36}},"type":"default-arg","locations":[{"start":{"line":7,"column":35},"end":{"line":7,"column":36}}],"line":7},"2":{"loc":{"start":{"line":11,"column":18},"end":{"line":11,"column":64}},"type":"cond-expr","locations":[{"start":{"line":11,"column":25},"end":{"line":11,"column":59}},{"start":{"line":11,"column":62},"end":{"line":11,"column":64}}],"line":11},"3":{"loc":{"start":{"line":11,"column":34},"end":{"line":11,"column":57}},"type":"cond-expr","locations":[{"start":{"line":11,"column":51},"end":{"line":11,"column":52}},{"start":{"line":11,"column":55},"end":{"line":11,"column":57}}],"line":11},"4":{"loc":{"start":{"line":15,"column":8},"end":{"line":17,"column":9}},"type":"if","locations":[{"start":{"line":15,"column":8},"end":{"line":17,"column":9}},{"start":{},"end":{}}],"line":15},"5":{"loc":{"start":{"line":33,"column":8},"end":{"line":61,"column":9}},"type":"if","locations":[{"start":{"line":33,"column":8},"end":{"line":61,"column":9}},{"start":{"line":48,"column":15},"end":{"line":61,"column":9}}],"line":33},"6":{"loc":{"start":{"line":44,"column":26},"end":{"line":44,"column":93}},"type":"cond-expr","locations":[{"start":{"line":44,"column":47},"end":{"line":44,"column":86}},{"start":{"line":44,"column":89},"end":{"line":44,"column":93}}],"line":44},"7":{"loc":{"start":{"line":45,"column":26},"end":{"line":45,"column":93}},"type":"cond-expr","locations":[{"start":{"line":45,"column":47},"end":{"line":45,"column":86}},{"start":{"line":45,"column":89},"end":{"line":45,"column":93}}],"line":45},"8":{"loc":{"start":{"line":74,"column":8},"end":{"line":85,"column":9}},"type":"if","locations":[{"start":{"line":74,"column":8},"end":{"line":85,"column":9}},{"start":{"line":82,"column":15},"end":{"line":85,"column":9}}],"line":74},"9":{"loc":{"start":{"line":74,"column":12},"end":{"line":74,"column":72}},"type":"binary-expr","locations":[{"start":{"line":74,"column":13},"end":{"line":74,"column":17}},{"start":{"line":74,"column":21},"end":{"line":74,"column":42}},{"start":{"line":74,"column":48},"end":{"line":74,"column":71}}],"line":74},"10":{"loc":{"start":{"line":77,"column":12},"end":{"line":81,"column":13}},"type":"if","locations":[{"start":{"line":77,"column":12},"end":{"line":81,"column":13}},{"start":{"line":79,"column":19},"end":{"line":81,"column":13}}],"line":77},"11":{"loc":{"start":{"line":97,"column":8},"end":{"line":107,"column":9}},"type":"if","locations":[{"start":{"line":97,"column":8},"end":{"line":107,"column":9}},{"start":{"line":104,"column":15},"end":{"line":107,"column":9}}],"line":97},"12":{"loc":{"start":{"line":97,"column":12},"end":{"line":97,"column":72}},"type":"binary-expr","locations":[{"start":{"line":97,"column":13},"end":{"line":97,"column":17}},{"start":{"line":97,"column":21},"end":{"line":97,"column":42}},{"start":{"line":97,"column":48},"end":{"line":97,"column":71}}],"line":97},"13":{"loc":{"start":{"line":99,"column":12},"end":{"line":103,"column":13}},"type":"if","locations":[{"start":{"line":99,"column":12},"end":{"line":103,"column":13}},{"start":{"line":101,"column":19},"end":{"line":103,"column":13}}],"line":99},"14":{"loc":{"start":{"line":110,"column":8},"end":{"line":114,"column":9}},"type":"if","locations":[{"start":{"line":110,"column":8},"end":{"line":114,"column":9}},{"start":{"line":112,"column":15},"end":{"line":114,"column":9}}],"line":110},"15":{"loc":{"start":{"line":124,"column":8},"end":{"line":134,"column":9}},"type":"if","locations":[{"start":{"line":124,"column":8},"end":{"line":134,"column":9}},{"start":{"line":131,"column":15},"end":{"line":134,"column":9}}],"line":124},"16":{"loc":{"start":{"line":124,"column":12},"end":{"line":124,"column":72}},"type":"binary-expr","locations":[{"start":{"line":124,"column":13},"end":{"line":124,"column":17}},{"start":{"line":124,"column":21},"end":{"line":124,"column":42}},{"start":{"line":124,"column":48},"end":{"line":124,"column":71}}],"line":124},"17":{"loc":{"start":{"line":126,"column":12},"end":{"line":130,"column":13}},"type":"if","locations":[{"start":{"line":126,"column":12},"end":{"line":130,"column":13}},{"start":{"line":128,"column":19},"end":{"line":130,"column":13}}],"line":126},"18":{"loc":{"start":{"line":137,"column":8},"end":{"line":141,"column":9}},"type":"if","locations":[{"start":{"line":137,"column":8},"end":{"line":141,"column":9}},{"start":{"line":139,"column":15},"end":{"line":141,"column":9}}],"line":137},"19":{"loc":{"start":{"line":151,"column":8},"end":{"line":154,"column":9}},"type":"if","locations":[{"start":{"line":151,"column":8},"end":{"line":154,"column":9}},{"start":{},"end":{}}],"line":151},"20":{"loc":{"start":{"line":171,"column":16},"end":{"line":171,"column":26}},"type":"default-arg","locations":[{"start":{"line":171,"column":24},"end":{"line":171,"column":26}}],"line":171},"21":{"loc":{"start":{"line":171,"column":28},"end":{"line":171,"column":36}},"type":"default-arg","locations":[{"start":{"line":171,"column":35},"end":{"line":171,"column":36}}],"line":171},"22":{"loc":{"start":{"line":175,"column":18},"end":{"line":175,"column":64}},"type":"cond-expr","locations":[{"start":{"line":175,"column":25},"end":{"line":175,"column":59}},{"start":{"line":175,"column":62},"end":{"line":175,"column":64}}],"line":175},"23":{"loc":{"start":{"line":175,"column":34},"end":{"line":175,"column":57}},"type":"cond-expr","locations":[{"start":{"line":175,"column":51},"end":{"line":175,"column":52}},{"start":{"line":175,"column":55},"end":{"line":175,"column":57}}],"line":175},"24":{"loc":{"start":{"line":179,"column":8},"end":{"line":265,"column":9}},"type":"if","locations":[{"start":{"line":179,"column":8},"end":{"line":265,"column":9}},{"start":{"line":219,"column":15},"end":{"line":265,"column":9}}],"line":179},"25":{"loc":{"start":{"line":190,"column":12},"end":{"line":218,"column":13}},"type":"if","locations":[{"start":{"line":190,"column":12},"end":{"line":218,"column":13}},{"start":{"line":205,"column":19},"end":{"line":218,"column":13}}],"line":190},"26":{"loc":{"start":{"line":201,"column":30},"end":{"line":201,"column":107}},"type":"cond-expr","locations":[{"start":{"line":201,"column":56},"end":{"line":201,"column":100}},{"start":{"line":201,"column":103},"end":{"line":201,"column":107}}],"line":201},"27":{"loc":{"start":{"line":202,"column":30},"end":{"line":202,"column":107}},"type":"cond-expr","locations":[{"start":{"line":202,"column":56},"end":{"line":202,"column":100}},{"start":{"line":202,"column":103},"end":{"line":202,"column":107}}],"line":202},"28":{"loc":{"start":{"line":223,"column":12},"end":{"line":225,"column":13}},"type":"if","locations":[{"start":{"line":223,"column":12},"end":{"line":225,"column":13}},{"start":{},"end":{}}],"line":223},"29":{"loc":{"start":{"line":236,"column":12},"end":{"line":264,"column":13}},"type":"if","locations":[{"start":{"line":236,"column":12},"end":{"line":264,"column":13}},{"start":{"line":251,"column":19},"end":{"line":264,"column":13}}],"line":236},"30":{"loc":{"start":{"line":247,"column":30},"end":{"line":247,"column":118}},"type":"cond-expr","locations":[{"start":{"line":247,"column":51},"end":{"line":247,"column":111}},{"start":{"line":247,"column":114},"end":{"line":247,"column":118}}],"line":247},"31":{"loc":{"start":{"line":248,"column":30},"end":{"line":248,"column":118}},"type":"cond-expr","locations":[{"start":{"line":248,"column":51},"end":{"line":248,"column":111}},{"start":{"line":248,"column":114},"end":{"line":248,"column":118}}],"line":248}},"s":{"0":5,"1":5,"2":5,"3":2,"4":2,"5":2,"6":2,"7":2,"8":0,"9":2,"10":2,"11":0,"12":2,"13":0,"14":2,"15":2,"16":2,"17":0,"18":0,"19":0,"20":5,"21":1,"22":1,"23":1,"24":1,"25":1,"26":1,"27":1,"28":0,"29":0,"30":0,"31":0,"32":0,"33":5,"34":1,"35":1,"36":1,"37":1,"38":1,"39":1,"40":0,"41":0,"42":0,"43":0,"44":0,"45":0,"46":0,"47":5,"48":1,"49":1,"50":1,"51":1,"52":1,"53":1,"54":0,"55":0,"56":0,"57":0,"58":0,"59":0,"60":0,"61":5,"62":0,"63":0,"64":0,"65":0,"66":0,"67":0,"68":5,"69":0,"70":0,"71":0,"72":0,"73":0,"74":0,"75":0,"76":0,"77":0,"78":0,"79":0,"80":0,"81":0,"82":0,"83":0,"84":0,"85":0,"86":0,"87":0,"88":0,"89":0,"90":0,"91":0,"92":0,"93":0},"f":{"0":2,"1":0,"2":0,"3":1,"4":1,"5":1,"6":0,"7":0,"8":0,"9":0},"b":{"0":[2],"1":[2],"2":[0,2],"3":[0,0],"4":[0,2],"5":[2,0],"6":[0,2],"7":[0,2],"8":[1,0],"9":[1,1,0],"10":[1,0],"11":[1,0],"12":[1,1,0],"13":[1,0],"14":[0,0],"15":[1,0],"16":[1,1,0],"17":[1,0],"18":[0,0],"19":[0,0],"20":[0],"21":[0],"22":[0,0],"23":[0,0],"24":[0,0],"25":[0,0],"26":[0,0],"27":[0,0],"28":[0,0],"29":[0,0],"30":[0,0],"31":[0,0]},"inputSourceMap":null,"_coverageSchema":"1a1c01bbd47fc00a2c39e90264f33305004495a9","hash":"cb36199d59982234d9ed188c255add060e2b1ca8"}
,"C:\\Users\\deike\\OneDrive\\Documents\\GitHub\\Desafio1-VerasmendiBackend\\SegundaPreentrega\\dao\\controllers\\renderController.js": {"path":"C:\\Users\\deike\\OneDrive\\Documents\\GitHub\\Desafio1-VerasmendiBackend\\SegundaPreentrega\\dao\\controllers\\renderController.js","statementMap":{"0":{"start":{"line":2,"column":16},"end":{"line":2,"column":34}},"1":{"start":{"line":3,"column":15},"end":{"line":3,"column":31}},"2":{"start":{"line":4,"column":27},"end":{"line":4,"column":58}},"3":{"start":{"line":5,"column":24},"end":{"line":5,"column":52}},"4":{"start":{"line":6,"column":24},"end":{"line":6,"column":52}},"5":{"start":{"line":7,"column":26},"end":{"line":7,"column":56}},"6":{"start":{"line":8,"column":25},"end":{"line":8,"column":54}},"7":{"start":{"line":9,"column":22},"end":{"line":9,"column":50}},"8":{"start":{"line":10,"column":15},"end":{"line":10,"column":60}},"9":{"start":{"line":12,"column":13},"end":{"line":12,"column":41}},"10":{"start":{"line":13,"column":0},"end":{"line":13,"column":27}},"11":{"start":{"line":16,"column":15},"end":{"line":16,"column":32}},"12":{"start":{"line":17,"column":19},"end":{"line":17,"column":21}},"13":{"start":{"line":19,"column":17},"end":{"line":19,"column":36}},"14":{"start":{"line":20,"column":23},"end":{"line":20,"column":59}},"15":{"start":{"line":22,"column":0},"end":{"line":60,"column":3}},"16":{"start":{"line":28,"column":4},"end":{"line":58,"column":1}},"17":{"start":{"line":30,"column":25},"end":{"line":30,"column":69}},"18":{"start":{"line":32,"column":4},"end":{"line":54,"column":5}},"19":{"start":{"line":34,"column":4},"end":{"line":34,"column":36}},"20":{"start":{"line":37,"column":4},"end":{"line":37,"column":23}},"21":{"start":{"line":38,"column":27},"end":{"line":38,"column":66}},"22":{"start":{"line":40,"column":20},"end":{"line":47,"column":6}},"23":{"start":{"line":50,"column":4},"end":{"line":50,"column":25}},"24":{"start":{"line":53,"column":4},"end":{"line":53,"column":31}},"25":{"start":{"line":57,"column":4},"end":{"line":57,"column":23}},"26":{"start":{"line":62,"column":0},"end":{"line":64,"column":3}},"27":{"start":{"line":63,"column":0},"end":{"line":63,"column":17}},"28":{"start":{"line":66,"column":0},"end":{"line":68,"column":3}},"29":{"start":{"line":67,"column":0},"end":{"line":67,"column":16}},"30":{"start":{"line":70,"column":0},"end":{"line":70,"column":34}},"31":{"start":{"line":71,"column":0},"end":{"line":71,"column":31}},"32":{"start":{"line":74,"column":0},"end":{"line":74,"column":68}},"33":{"start":{"line":76,"column":0},"end":{"line":88,"column":3}},"34":{"start":{"line":80,"column":12},"end":{"line":80,"column":38}},"35":{"start":{"line":81,"column":12},"end":{"line":86,"column":14}},"36":{"start":{"line":87,"column":12},"end":{"line":87,"column":38}},"37":{"start":{"line":92,"column":0},"end":{"line":107,"column":3}},"38":{"start":{"line":94,"column":4},"end":{"line":106,"column":5}},"39":{"start":{"line":96,"column":36},"end":{"line":96,"column":52}},"40":{"start":{"line":99,"column":24},"end":{"line":99,"column":43}},"41":{"start":{"line":102,"column":8},"end":{"line":102,"column":36}},"42":{"start":{"line":105,"column":8},"end":{"line":105,"column":72}},"43":{"start":{"line":109,"column":0},"end":{"line":109,"column":24}},"44":{"start":{"line":119,"column":0},"end":{"line":192,"column":3}},"45":{"start":{"line":120,"column":4},"end":{"line":191,"column":5}},"46":{"start":{"line":121,"column":29},"end":{"line":121,"column":52}},"47":{"start":{"line":122,"column":26},"end":{"line":122,"column":46}},"48":{"start":{"line":124,"column":8},"end":{"line":187,"column":9}},"49":{"start":{"line":125,"column":25},"end":{"line":125,"column":41}},"50":{"start":{"line":126,"column":30},"end":{"line":133,"column":14}},"51":{"start":{"line":127,"column":16},"end":{"line":132,"column":14}},"52":{"start":{"line":135,"column":12},"end":{"line":183,"column":13}},"53":{"start":{"line":136,"column":16},"end":{"line":145,"column":19}},"54":{"start":{"line":146,"column":19},"end":{"line":183,"column":13}},"55":{"start":{"line":149,"column":29},"end":{"line":149,"column":76}},"56":{"start":{"line":150,"column":16},"end":{"line":150,"column":48}},"57":{"start":{"line":151,"column":16},"end":{"line":160,"column":19}},"58":{"start":{"line":164,"column":29},"end":{"line":164,"column":76}},"59":{"start":{"line":165,"column":16},"end":{"line":165,"column":48}},"60":{"start":{"line":166,"column":16},"end":{"line":182,"column":19}},"61":{"start":{"line":185,"column":12},"end":{"line":185,"column":93}},"62":{"start":{"line":186,"column":12},"end":{"line":186,"column":91}},"63":{"start":{"line":189,"column":8},"end":{"line":189,"column":29}},"64":{"start":{"line":190,"column":8},"end":{"line":190,"column":89}},"65":{"start":{"line":195,"column":0},"end":{"line":233,"column":3}},"66":{"start":{"line":196,"column":4},"end":{"line":232,"column":5}},"67":{"start":{"line":197,"column":29},"end":{"line":197,"column":52}},"68":{"start":{"line":198,"column":21},"end":{"line":198,"column":37}},"69":{"start":{"line":200,"column":8},"end":{"line":200,"column":91}},"70":{"start":{"line":203,"column":21},"end":{"line":203,"column":68}},"71":{"start":{"line":204,"column":8},"end":{"line":204,"column":40}},"72":{"start":{"line":205,"column":8},"end":{"line":228,"column":9}},"73":{"start":{"line":207,"column":12},"end":{"line":224,"column":15}},"74":{"start":{"line":226,"column":12},"end":{"line":226,"column":100}},"75":{"start":{"line":227,"column":12},"end":{"line":227,"column":91}},"76":{"start":{"line":230,"column":8},"end":{"line":230,"column":29}},"77":{"start":{"line":231,"column":8},"end":{"line":231,"column":89}},"78":{"start":{"line":236,"column":0},"end":{"line":251,"column":3}},"79":{"start":{"line":237,"column":22},"end":{"line":237,"column":35}},"80":{"start":{"line":238,"column":17},"end":{"line":238,"column":33}},"81":{"start":{"line":239,"column":4},"end":{"line":250,"column":5}},"82":{"start":{"line":240,"column":24},"end":{"line":240,"column":77}},"83":{"start":{"line":242,"column":8},"end":{"line":244,"column":9}},"84":{"start":{"line":243,"column":12},"end":{"line":243,"column":66}},"85":{"start":{"line":245,"column":23},"end":{"line":245,"column":70}},"86":{"start":{"line":247,"column":8},"end":{"line":247,"column":118}},"87":{"start":{"line":249,"column":8},"end":{"line":249,"column":20}},"88":{"start":{"line":254,"column":0},"end":{"line":268,"column":3}},"89":{"start":{"line":255,"column":23},"end":{"line":255,"column":33}},"90":{"start":{"line":256,"column":4},"end":{"line":267,"column":5}},"91":{"start":{"line":257,"column":25},"end":{"line":257,"column":68}},"92":{"start":{"line":259,"column":8},"end":{"line":261,"column":9}},"93":{"start":{"line":260,"column":12},"end":{"line":260,"column":19}},"94":{"start":{"line":264,"column":8},"end":{"line":264,"column":151}},"95":{"start":{"line":266,"column":8},"end":{"line":266,"column":20}},"96":{"start":{"line":271,"column":0},"end":{"line":277,"column":3}},"97":{"start":{"line":272,"column":4},"end":{"line":276,"column":5}},"98":{"start":{"line":273,"column":8},"end":{"line":273,"column":53}},"99":{"start":{"line":275,"column":8},"end":{"line":275,"column":20}},"100":{"start":{"line":282,"column":0},"end":{"line":322,"column":3}},"101":{"start":{"line":283,"column":35},"end":{"line":283,"column":43}},"102":{"start":{"line":285,"column":4},"end":{"line":321,"column":5}},"103":{"start":{"line":287,"column":21},"end":{"line":287,"column":74}},"104":{"start":{"line":289,"column":8},"end":{"line":311,"column":9}},"105":{"start":{"line":290,"column":12},"end":{"line":290,"column":38}},"106":{"start":{"line":291,"column":12},"end":{"line":291,"column":36}},"107":{"start":{"line":292,"column":12},"end":{"line":298,"column":13}},"108":{"start":{"line":293,"column":16},"end":{"line":293,"column":44}},"109":{"start":{"line":294,"column":19},"end":{"line":298,"column":13}},"110":{"start":{"line":295,"column":16},"end":{"line":295,"column":46}},"111":{"start":{"line":297,"column":16},"end":{"line":297,"column":53}},"112":{"start":{"line":300,"column":12},"end":{"line":304,"column":13}},"113":{"start":{"line":301,"column":16},"end":{"line":301,"column":76}},"114":{"start":{"line":303,"column":16},"end":{"line":303,"column":42}},"115":{"start":{"line":306,"colum
[...]
olumn":8},"end":{"line":116,"column":108}},"45":{"start":{"line":118,"column":4},"end":{"line":136,"column":5}},"46":{"start":{"line":120,"column":21},"end":{"line":120,"column":48}},"47":{"start":{"line":122,"column":8},"end":{"line":124,"column":9}},"48":{"start":{"line":123,"column":12},"end":{"line":123,"column":95}},"49":{"start":{"line":127,"column":8},"end":{"line":127,"column":28}},"50":{"start":{"line":130,"column":8},"end":{"line":130,"column":26}},"51":{"start":{"line":132,"column":8},"end":{"line":132,"column":139}},"52":{"start":{"line":134,"column":8},"end":{"line":134,"column":69}},"53":{"start":{"line":135,"column":8},"end":{"line":135,"column":89}}},"fnMap":{"0":{"name":"(anonymous_0)","decl":{"start":{"line":9,"column":22},"end":{"line":9,"column":23}},"loc":{"start":{"line":9,"column":52},"end":{"line":26,"column":1}},"line":9},"1":{"name":"(anonymous_1)","decl":{"start":{"line":30,"column":22},"end":{"line":30,"column":23}},"loc":{"start":{"line":30,"column":48},"end":{"line":46,"column":1}},"line":30},"2":{"name":"(anonymous_2)","decl":{"start":{"line":49,"column":18},"end":{"line":49,"column":19}},"loc":{"start":{"line":49,"column":38},"end":{"line":84,"column":1}},"line":49},"3":{"name":"(anonymous_3)","decl":{"start":{"line":99,"column":22},"end":{"line":99,"column":23}},"loc":{"start":{"line":99,"column":40},"end":{"line":108,"column":1}},"line":99},"4":{"name":"(anonymous_4)","decl":{"start":{"line":113,"column":25},"end":{"line":113,"column":26}},"loc":{"start":{"line":113,"column":45},"end":{"line":137,"column":1}},"line":113}},"branchMap":{"0":{"loc":{"start":{"line":14,"column":8},"end":{"line":16,"column":9}},"type":"if","locations":[{"start":{"line":14,"column":8},"end":{"line":16,"column":9}},{"start":{},"end":{}}],"line":14},"1":{"loc":{"start":{"line":22,"column":15},"end":{"line":22,"column":42}},"type":"cond-expr","locations":[{"start":{"line":22,"column":31},"end":{"line":22,"column":35}},{"start":{"line":22,"column":38},"end":{"line":22,"column":42}}],"line":22},"2":{"loc":{"start":{"line":35,"column":8},"end":{"line":42,"column":9}},"type":"if","locations":[{"start":{"line":35,"column":8},"end":{"line":42,"column":9}},{"start":{"line":38,"column":15},"end":{"line":42,"column":9}}],"line":35},"3":{"loc":{"start":{"line":54,"column":8},"end":{"line":57,"column":9}},"type":"if","locations":[{"start":{"line":54,"column":8},"end":{"line":57,"column":9}},{"start":{},"end":{}}],"line":54},"4":{"loc":{"start":{"line":54,"column":12},"end":{"line":54,"column":61}},"type":"binary-expr","locations":[{"start":{"line":54,"column":12},"end":{"line":54,"column":21}},{"start":{"line":54,"column":25},"end":{"line":54,"column":31}},{"start":{"line":54,"column":35},"end":{"line":54,"column":39}},{"start":{"line":54,"column":43},"end":{"line":54,"column":52}},{"start":{"line":54,"column":56},"end":{"line":54,"column":61}}],"line":54},"5":{"loc":{"start":{"line":115,"column":4},"end":{"line":117,"column":5}},"type":"if","locations":[{"start":{"line":115,"column":4},"end":{"line":117,"column":5}},{"start":{},"end":{}}],"line":115},"6":{"loc":{"start":{"line":115,"column":8},"end":{"line":115,"column":27}},"type":"binary-expr","locations":[{"start":{"line":115,"column":8},"end":{"line":115,"column":15}},{"start":{"line":115,"column":19},"end":{"line":115,"column":27}}],"line":115},"7":{"loc":{"start":{"line":122,"column":8},"end":{"line":124,"column":9}},"type":"if","locations":[{"start":{"line":122,"column":8},"end":{"line":124,"column":9}},{"start":{},"end":{}}],"line":122}},"s":{"0":5,"1":5,"2":5,"3":5,"4":5,"5":5,"6":3,"7":3,"8":3,"9":1,"10":2,"11":2,"12":0,"13":5,"14":0,"15":0,"16":0,"17":0,"18":0,"19":0,"20":0,"21":5,"22":0,"23":0,"24":0,"25":0,"26":0,"27":0,"28":0,"29":0,"30":0,"31":0,"32":0,"33":0,"34":5,"35":5,"36":5,"37":0,"38":0,"39":0,"40":0,"41":5,"42":0,"43":0,"44":0,"45":0,"46":0,"47":0,"48":0,"49":0,"50":0,"51":0,"52":0,"53":0},"f":{"0":3,"1":0,"2":0,"3":0,"4":0},"b":{"0":[1,2],"1":[2,0],"2":[0,0],"3":[0,0],"4":[0,0,0,0,0],"5":[0,0],"6":[0,0],"7":[0,0]},"inputSourceMap":null,"_coverageSchema":"1a1c01bbd47fc00a2c39e90264f33305004495a9","hash":"c46de538389e9fab35e79fad4389fbfc5baa3b02"}
,"C:\\Users\\deike\\OneDrive\\Documents\\GitHub\\Desafio1-VerasmendiBackend\\SegundaPreentrega\\dao\\db\\db.js": {"path":"C:\\Users\\deike\\OneDrive\\Documents\\GitHub\\Desafio1-VerasmendiBackend\\SegundaPreentrega\\dao\\db\\db.js","statementMap":{"0":{"start":{"line":1,"column":17},"end":{"line":1,"column":36}},"1":{"start":{"line":2,"column":15},"end":{"line":2,"column":60}},"2":{"start":{"line":3,"column":0},"end":{"line":3,"column":27}},"3":{"start":{"line":5,"column":12},"end":{"line":5,"column":48}},"4":{"start":{"line":6,"column":25},"end":{"line":6,"column":92}},"5":{"start":{"line":11,"column":18},"end":{"line":22,"column":1}},"6":{"start":{"line":12,"column":0},"end":{"line":21,"column":1}},"7":{"start":{"line":13,"column":0},"end":{"line":15,"column":1}},"8":{"start":{"line":14,"column":4},"end":{"line":14,"column":64}},"9":{"start":{"line":16,"column":0},"end":{"line":16,"column":41}},"10":{"start":{"line":19,"column":0},"end":{"line":19,"column":59}},"11":{"start":{"line":20,"column":0},"end":{"line":20,"column":16}},"12":{"start":{"line":24,"column":0},"end":{"line":24,"column":27}}},"fnMap":{"0":{"name":"(anonymous_0)","decl":{"start":{"line":11,"column":18},"end":{"line":11,"column":19}},"loc":{"start":{"line":11,"column":30},"end":{"line":22,"column":1}},"line":11}},"branchMap":{"0":{"loc":{"start":{"line":5,"column":12},"end":{"line":5,"column":48}},"type":"binary-expr","locations":[{"start":{"line":5,"column":12},"end":{"line":5,"column":32}},{"start":{"line":5,"column":36},"end":{"line":5,"column":48}}],"line":5},"1":{"loc":{"start":{"line":6,"column":25},"end":{"line":6,"column":92}},"type":"cond-expr","locations":[{"start":{"line":6,"column":42},"end":{"line":6,"column":68}},{"start":{"line":6,"column":71},"end":{"line":6,"column":92}}],"line":6},"2":{"loc":{"start":{"line":13,"column":0},"end":{"line":15,"column":1}},"type":"if","locations":[{"start":{"line":13,"column":0},"end":{"line":15,"column":1}},{"start":{},"end":{}}],"line":13}},"s":{"0":5,"1":5,"2":5,"3":5,"4":5,"5":5,"6":5,"7":5,"8":0,"9":5,"10":0,"11":0,"12":5},"f":{"0":5},"b":{"0":[5,0],"1":[5,0],"2":[0,5]},"inputSourceMap":null,"_coverageSchema":"1a1c01bbd47fc00a2c39e90264f33305004495a9","hash":"d92e0ac29d35de52b7955ea29ed94fe07ef27f70"}
,"C:\\Users\\deike\\OneDrive\\Documents\\GitHub\\Desafio1-VerasmendiBackend\\SegundaPreentrega\\dao\\db\\models\\Cart.js": {"path":"C:\\Users\\deike\\OneDrive\\Documents\\GitHub\\Desafio1-VerasmendiBackend\\SegundaPreentrega\\dao\\db\\models\\Cart.js","statementMap":{"0":{"start":{"line":1,"column":17},"end":{"line":1,"column":36}},"1":{"start":{"line":3,"column":23},"end":{"line":9,"column":2}},"2":{"start":{"line":12,"column":19},"end":{"line":19,"column":2}},"3":{"start":{"line":21,"column":0},"end":{"line":21,"column":61}}},"fnMap":{},"branchMap":{},"s":{"0":5,"1":5,"2":5,"3":5},"f":{},"b":{},"inputSourceMap":null,"_coverageSchema":"1a1c01bbd47fc00a2c39e90264f33305004495a9","hash":"d8eaf0579f8561d19842b83fadb03a0bbee7850e"}
,"C:\\Users\\deike\\OneDrive\\Documents\\GitHub\\Desafio1-VerasmendiBackend\\SegundaPreentrega\\dao\\db\\models\\Message.js": {"path":"C:\\Users\\deike\\OneDrive\\Documents\\GitHub\\Desafio1-VerasmendiBackend\\SegundaPreentrega\\dao\\db\\models\\Message.js","statementMap":{"0":{"start":{"line":1,"column":17},"end":{"line":1,"column":36}},"1":{"start":{"line":3,"column":22},"end":{"line":7,"column":2}},"2":{"start":{"line":9,"column":0},"end":{"line":9,"column":69}}},"fnMap":{},"branchMap":{},"s":{"0":5,"1":5,"2":5},"f":{},"b":{},"inputSourceMap":null,"_coverageSchema":"1a1c01bbd47fc00a2c39e90264f33305004495a9","hash":"2d7ef2caf245cb9a7c305d25ddbeb095d7d80d13"}
,"C:\\Users\\deike\\OneDrive\\Documents\\GitHub\\Desafio1-VerasmendiBackend\\SegundaPreentrega\\dao\\db\\models\\Product.js": {"path":"C:\\Users\\deike\\OneDrive\\Documents\\GitHub\\Desafio1-VerasmendiBackend\\SegundaPreentrega\\dao\\db\\models\\Product.js","statementMap":{"0":{"start":{"line":1,"column":17},"end":{"line":1,"column":36}},"1":{"start":{"line":2,"column":25},"end":{"line":2,"column":56}},"2":{"start":{"line":4,"column":22},"end":{"line":12,"column":2}},"3":{"start":{"line":15,"column":0},"end":{"line":15,"column":39}},"4":{"start":{"line":17,"column":16},"end":{"line":17,"column":68}},"5":{"start":{"line":19,"column":0},"end":{"line":19,"column":25}}},"fnMap":{},"branchMap":{},"s":{"0":5,"1":5,"2":5,"3":5,"4":5,"5":5},"f":{},"b":{},"inputSourceMap":null,"_coverageSchema":"1a1c01bbd47fc00a2c39e90264f33305004495a9","hash":"fc91c22f0ffee7c138e4c99887f58abc404aeae9"}
,"C:\\Users\\deike\\OneDrive\\Documents\\GitHub\\Desafio1-VerasmendiBackend\\SegundaPreentrega\\dao\\db\\models\\Ticket.js": {"path":"C:\\Users\\deike\\OneDrive\\Documents\\GitHub\\Desafio1-VerasmendiBackend\\SegundaPreentrega\\dao\\db\\models\\Ticket.js","statementMap":{"0":{"start":{"line":1,"column":17},"end":{"line":1,"column":36}},"1":{"start":{"line":3,"column":21},"end":{"line":16,"column":2}},"2":{"start":{"line":18,"column":15},"end":{"line":18,"column":53}},"3":{"start":{"line":20,"column":0},"end":{"line":20,"column":24}}},"fnMap":{},"branchMap":{},"s":{"0":5,"1":5,"2":5,"3":5},"f":{},"b":{},"inputSourceMap":null,"_coverageSchema":"1a1c01bbd47fc00a2c39e90264f33305004495a9","hash":"a01538325283cb4b7fb84fec603c855071df4e50"}
,"C:\\Users\\deike\\OneDrive\\Documents\\GitHub\\Desafio1-VerasmendiBackend\\SegundaPreentrega\\dao\\db\\models\\User.js": {"path":"C:\\Users\\deike\\OneDrive\\Documents\\GitHub\\Desafio1-VerasmendiBackend\\SegundaPreentrega\\dao\\db\\models\\User.js","statementMap":{"0":{"start":{"line":1,"column":17},"end":{"line":1,"column":36}},"1":{"start":{"line":4,"column":19},"end":{"line":10,"column":2}},"2":{"start":{"line":12,"column":13},"end":{"line":12,"column":56}},"3":{"start":{"line":14,"column":0},"end":{"line":14,"column":22}}},"fnMap":{},"branchMap":{},"s":{"0":5,"1":5,"2":5,"3":5},"f":{},"b":{},"inputSourceMap":null,"_coverageSchema":"1a1c01bbd47fc00a2c39e90264f33305004495a9","hash":"ef1975e7915bde237e5b2f0ee09931c5703880cc"}
,"C:\\Users\\deike\\OneDrive\\Documents\\GitHub\\Desafio1-VerasmendiBackend\\SegundaPreentrega\\routes\\UsersRoutes.js": {"path":"C:\\Users\\deike\\OneDrive\\Documents\\GitHub\\Desafio1-VerasmendiBackend\\SegundaPreentrega\\routes\\UsersRoutes.js","statementMap":{"0":{"start":{"line":1,"column":16},"end":{"line":1,"column":34}},"1":{"start":{"line":2,"column":24},"end":{"line":2,"column":69}},"2":{"start":{"line":3,"column":15},"end":{"line":3,"column":31}},"3":{"start":{"line":93,"column":0},"end":{"line":93,"column":61}},"4":{"start":{"line":95,"column":0},"end":{"line":95,"column":24}}},"fnMap":{},"branchMap":{},"s":{"0":5,"1":5,"2":5,"3":5,"4":5},"f":{},"b":{},"inputSourceMap":null,"_coverageSchema":"1a1c01bbd47fc00a2c39e90264f33305004495a9","hash":"04d663b5a602c00540102eb55be0245db8ce8670"}
,"C:\\Users\\deike\\OneDrive\\Documents\\GitHub\\Desafio1-VerasmendiBackend\\SegundaPreentrega\\routes\\authRoutes.js": {"path":"C:\\Users\\deike\\OneDrive\\Documents\\GitHub\\Desafio1-VerasmendiBackend\\SegundaPreentrega\\routes\\authRoutes.js","statementMap":{"0":{"start":{"line":1,"column":16},"end":{"line":1,"column":34}},"1":{"start":{"line":2,"column":23},"end":{"line":2,"column":67}},"2":{"start":{"line":3,"column":15},"end":{"line":3,"column":31}},"3":{"start":{"line":22,"column":0},"end":{"line":22,"column":85}},"4":{"start":{"line":69,"column":0},"end":{"line":69,"column":76}},"5":{"start":{"line":90,"column":0},"end":{"line":90,"column":71}},"6":{"start":{"line":144,"column":0},"end":{"line":144,"column":68}},"7":{"start":{"line":146,"column":0},"end":{"line":146,"column":24}}},"fnMap":{},"branchMap":{},"s":{"0":5,"1":5,"2":5,"3":5,"4":5,"5":5,"6":5,"7":5},"f":{},"b":{},"inputSourceMap":null,"_coverageSchema":"1a1c01bbd47fc00a2c39e90264f33305004495a9","hash":"58cae6324631664d56fee9e5a8cc311ca2758e91"}
,"C:\\Users\\deike\\OneDrive\\Documents\\GitHub\\Desafio1-VerasmendiBackend\\SegundaPreentrega\\routes\\cartRoutes.js": {"path":"C:\\Users\\deike\\OneDrive\\Documents\\GitHub\\Desafio1-VerasmendiBackend\\SegundaPreentrega\\routes\\cartRoutes.js","statementMap":{"0":{"start":{"line":1,"column":16},"end":{"line":1,"column":34}},"1":{"start":{"line":2,"column":15},"end":{"line":2,"column":31}},"2":{"start":{"line":3,"column":24},"end":{"line":3,"column":69}},"3":{"start":{"line":55,"column":0},"end":{"line":55,"column":45}},"4":{"start":{"line":97,"column":0},"end":{"line":97,"column":45}},"5":{"start":{"line":148,"column":0},"end":{"line":148,"column":52}},"6":{"start":{"line":186,"column":0},"end":{"line":186,"column":57}},"7":{"start":{"line":222,"column":0},"end":{"line":222,"column":77}},"8":{"start":{"line":247,"column":0},"end":{"line":247,"column":76}},"9":{"start":{"line":277,"column":0},"end":{"line":277,"column":64}},"10":{"start":{"line":302,"column":0},"end":{"line":302,"column":76}},"11":{"start":{"line":336,"column":0},"end":{"line":336,"column":48}},"12":{"start":{"line":372,"column":0},"end":{"line":372,"column":73}},"13":{"start":{"line":391,"column":0},"end":{"line":391,"column":50}},"14":{"start":{"line":393,"column":0},"end":{"line":393,"column":24}}},"fnMap":{},"branchMap":{},"s":{"0":5,"1":5,"2":5,"3":5,"4":5,"5":5,"6":5,"7":5,"8":5,"9":5,"10":5,"11":5,"12":5,"13":5,"14":5},"f":{},"b":{},"inputSourceMap":null,"_coverageSchema":"1a1c01bbd47fc00a2c39e90264f33305004495a9","hash":"b6848c9e0e041bfc4d99a8c54cc1b762e7c559b3"}
,"C:\\Users\\deike\\OneDrive\\Documents\\GitHub\\Desafio1-VerasmendiBackend\\SegundaPreentrega\\routes\\loggerTest.js": {"path":"C:\\Users\\deike\\OneDrive\\Documents\\GitHub\\Desafio1-VerasmendiBackend\\SegundaPreentrega\\routes\\loggerTest.js","statementMap":{"0":{"start":{"line":1,"column":16},"end":{"line":1,"column":34}},"1":{"start":{"line":2,"column":15},"end":{"line":2,"column":31}},"2":{"start":{"line":3,"column":15},"end":{"line":3,"column":57}},"3":{"start":{"line":5,"column":0},"end":{"line":14,"column":3}},"4":{"start":{"line":6,"column":0},"end":{"line":6,"column":49}},"5":{"start":{"line":7,"column":0},"end":{"line":7,"column":39}},"6":{"start":{"line":8,"column":0},"end":{"line":8,"column":49}},"7":{"start":{"line":9,"column":0},"end":{"line":9,"column":52}},"8":{"start":{"line":10,"column":0},"end":{"line":10,"column":44}},"9":{"start":{"line":11,"column":0},"end":{"line":11,"column":41}},"10":{"start":{"line":13,"column":0},"end":{"line":13,"column":41}},"11":{"start":{"line":16,"column":0},"end":{"line":16,"column":24}}},"fnMap":{"0":{"name":"(anonymous_0)","decl":{"start":{"line":5,"column":26},"end":{"line":5,"column":27}},"loc":{"start":{"line":5,"column":40},"end":{"line":14,"column":1}},"line":5}},"branchMap":{},"s":{"0":5,"1":5,"2":5,"3":5,"4":0,"5":0,"6":0,"7":0,"8":0,"9":0,"10":0,"11":5},"f":{"0":0},"b":{},"inputSourceMap":null,"_coverageSchema":"1a1c01bbd47fc00a2c39e90264f33305004495a9","hash":"54545b0bafae2f8e2c681b502360b1616e0e7b41"}
,"C:\\Users\\deike\\OneDrive\\Documents\\GitHub\\Desafio1-VerasmendiBackend\\SegundaPreentrega\\routes\\messageRoutes.js": {"path":"C:\\Users\\deike\\OneDrive\\Documents\\GitHub\\Desafio1-VerasmendiBackend\\SegundaPreentrega\\routes\\messageRoutes.js","statementMap":{"0":{"start":{"line":1,"column":16},"end":{"line":1,"column":34}},"1":{"start":{"line":2,"column":15},"end":{"line":2,"column":31}},"2":{"start":{"line":3,"column":26},"end":{"line":3,"column":73}},"3":{"start":{"line":38,"column":0},"end":{"line":45,"column":3}},"4":{"start":{"line":39,"column":0},"end":{"line":44,"column":1}},"5":{"start":{"line":40,"column":17},"end":{"line":40,"column":57}},"6":{"start":{"line":41,"column":0},"end":{"line":41,"column":31}},"7":{"start":{"line":43,"column":0},"end":{"line":43,"column":62}},"8":{"start":{"line":86,"column":0},"end":{"line":86,"column":47}},"9":{"start":{"line":105,"column":0},"end":{"line":105,"column":62}},"10":{"start":{"line":107,"column":0},"end":{"line":107,"column":24}}},"fnMap":{"0":{"name":"(anonymous_0)","decl":{"start":{"line":38,"column":16},"end":{"line":38,"column":17}},"loc":{"start":{"line":38,"column":36},"end":{"line":45,"column":1}},"line":38}},"branchMap":{},"s":{"0":5,"1":5,"2":5,"3":5,"4":1,"5":1,"6":1,"7":0,"8":5,"9":5,"10":5},"f":{"0":1},"b":{},"inputSourceMap":null,"_coverageSchema":"1a1c01bbd47fc00a2c39e90264f33305004495a9","hash":"e0f44e93920ca270b49232c535265b62f908b3df"}
,"C:\\Users\\deike\\OneDrive\\Documents\\GitHub\\Desafio1-VerasmendiBackend\\SegundaPreentrega\\routes\\productRoutes.js": {"path":"C:\\Users\\deike\\OneDrive\\Documents\\GitHub\\Desafio1-VerasmendiBackend\\SegundaPreentrega\\routes\\productRoutes.js","statementMap":{"0":{"start":{"line":1,"column":16},"end":{"line":1,"column":34}},"1":{"start":{"line":2,"column":15},"end":{"line":2,"column":31}},"2":{"start":{"line":3,"column":27},"end":{"line":3,"column":75}},"3":{"start":{"line":4,"column":21},"end":{"line":4,"column":53}},"4":{"start":{"line":60,"column":0},"end":{"line":60,"column":51}},"5":{"start":{"line":142,"column":0},"end":{"line":142,"column":48}},"6":{"start":{"line":211,"column":0},"end":{"line":211,"column":53}},"7":{"start":{"line":238,"column":0},"end":{"line":238,"column":56}},"8":{"start":{"line":266,"column":0},"end":{"line":269,"column":3}},"9":{"start":{"line":267,"column":25},"end":{"line":267,"column":60}},"10":{"start":{"line":268,"column":4},"end":{"line":268,"column":27}},"11":{"start":{"line":271,"column":0},"end":{"line":271,"column":24}}},"fnMap":{"0":{"name":"(anonymous_0)","decl":{"start":{"line":266,"column":31},"end":{"line":266,"column":32}},"loc":{"start":{"line":266,"column":45},"end":{"line":269,"column":1}},"line":266}},"branchMap":{},"s":{"0":5,"1":5,"2":5,"3":5,"4":5,"5":5,"6":5,"7":5,"8":5,"9":0,"10":0,"11":5},"f":{"0":0},"b":{},"inputSourceMap":null,"_coverageSchema":"1a1c01bbd47fc00a2c39e90264f33305004495a9","hash":"8f76d78da9bd4d2deb31134b5d8451aee966e801"}
,"C:\\Users\\deike\\OneDrive\\Documents\\GitHub\\Desafio1-VerasmendiBackend\\SegundaPreentrega\\utils\\mockingUtils.js": {"path":"C:\\Users\\deike\\OneDrive\\Documents\\GitHub\\Desafio1-VerasmendiBackend\\SegundaPreentrega\\utils\\mockingUtils.js","statementMap":{"0":{"start":{"line":4,"column":25},"end":{"line":12,"column":1}},"1":{"start":{"line":5,"column":18},"end":{"line":5,"column":36}},"2":{"start":{"line":6,"column":19},"end":{"line":6,"column":21}},"3":{"start":{"line":7,"column":4},"end":{"line":10,"column":5}},"4":{"start":{"line":7,"column":17},"end":{"line":7,"column":18}},"5":{"start":{"line":8,"column":28},"end":{"line":8,"column":68}},"6":{"start":{"line":9,"column":8},"end":{"line":9,"column":39}},"7":{"start":{"line":11,"column":4},"end":{"line":11,"column":20}},"8":{"start":{"line":15,"column":0},"end":{"line":30,"column":2}},"9":{"start":{"line":16,"column":25},"end":{"line":16,"column":27}},"10":{"start":{"line":17,"column":4},"end":{"line":28,"column":5}},"11":{"start":{"line":17,"column":17},"end":{"line":17,"column":18}},"12":{"start":{"line":18,"column":24},"end":{"line":26,"column":9}},"13":{"start":{"line":27,"column":8},"end":{"line":27,"column":35}},"14":{"start":{"line":29,"column":4},"end":{"line":29,"column":24}}},"fnMap":{"0":{"name":"(anonymous_0)","decl":{"start":{"line":4,"column":25},"end":{"line":4,"column":26}},"loc":{"start":{"line":4,"column":31},"end":{"line":12,"column":1}},"line":4},"1":{"name":"(anonymous_1)","decl":{"start":{"line":15,"column":31},"end":{"line":15,"column":32}},"loc":{"start":{"line":15,"column":37},"end":{"line":30,"column":1}},"line":15}},"branchMap":{},"s":{"0":5,"1":0,"2":0,"3":0,"4":0,"5":0,"6":0,"7":0,"8":5,"9":0,"10":0,"11":0,"12":0,"13":0,"14":0},"f":{"0":0,"1":0},"b":{},"inputSourceMap":null,"_coverageSchema":"1a1c01bbd47fc00a2c39e90264f33305004495a9","hash":"fb40e372fd95adca84e3fa4290bc1e1880d885d3"}
}
